[ 2014-08-30T11:13:02+08:00 ] 127.0.0.1 /milkshop/index.php?m=Public&a=login
NOTIC: [8] Use of undefined constant DEFAULT_THEME - assumed 'DEFAULT_THEME' E:\wamp\www\milkshop\app\Conf\Admin\config.php 第 8 行.
INFO: [ app_begin ] --START--
INFO: Run ReadHtmlCache Behavior [ RunTime:0.001205s ]
INFO: [ app_begin ] --END-- [ RunTime:0.001362s ]
INFO: [ view_template ] --START--
INFO: Run LocationTemplate Behavior [ RunTime:0.130221s ]
INFO: [ view_template ] --END-- [ RunTime:0.130401s ]
INFO: [ view_parse ] --START--
INFO: Run ParseTemplate Behavior [ RunTime:0.235483s ]
INFO: [ view_parse ] --END-- [ RunTime:0.235654s ]
INFO: [ view_filter ] --START--
INFO: Run ContentReplace Behavior [ RunTime:0.045611s ]
INFO: Run TokenBuild Behavior [ RunTime:0.052548s ]
INFO: Run WriteHtmlCache Behavior [ RunTime:0.060377s ]
INFO: Run ShowRuntime Behavior [ RunTime:0.053945s ]
INFO: [ view_filter ] --END-- [ RunTime:0.212918s ]
INFO: [ view_end ] --START--
INFO: Run ShowPageTrace Behavior [ RunTime:0.060044s ]
INFO: [ view_end ] --END-- [ RunTime:0.060195s ]

[ 2014-08-30T11:23:48+08:00 ] 127.0.0.1 /milkshop/index.php?g=Admin&m=Public&a=doLogin
NOTIC: [8] Use of undefined constant DEFAULT_THEME - assumed 'DEFAULT_THEME' E:\wamp\www\milkshop\app\Conf\Admin\config.php 第 8 行.
INFO: [ app_begin ] --START--
INFO: Run ReadHtmlCache Behavior [ RunTime:0.001576s ]
INFO: [ app_begin ] --END-- [ RunTime:0.001790s ]
SQL: SHOW COLUMNS FROM `m_user` [ RunTime:0.154537s ]
SQL: SELECT * FROM `m_user` WHERE ( name='mango' AND pwd='e10adc3949ba59abbe56e057f20f883e' ) LIMIT 1   [ RunTime:0.028681s ]
INFO: [ view_template ] --START--
INFO: Run LocationTemplate Behavior [ RunTime:0.001857s ]
INFO: [ view_template ] --END-- [ RunTime:0.002031s ]
INFO: [ view_parse ] --START--
INFO: Run ParseTemplate Behavior [ RunTime:0.123622s ]
INFO: [ view_parse ] --END-- [ RunTime:0.123847s ]
INFO: [ view_filter ] --START--
INFO: Run ContentReplace Behavior [ RunTime:0.002364s ]
INFO: Run TokenBuild Behavior [ RunTime:0.001096s ]
INFO: Run WriteHtmlCache Behavior [ RunTime:0.000984s ]
INFO: Run ShowRuntime Behavior [ RunTime:0.001137s ]
INFO: [ view_filter ] --END-- [ RunTime:0.005898s ]
INFO: [ view_end ] --START--
INFO: Run ShowPageTrace Behavior [ RunTime:0.001177s ]
INFO: [ view_end ] --END-- [ RunTime:0.001277s ]

[ 2014-08-30T11:23:49+08:00 ] 127.0.0.1 /milkshop/index.php?m=Index&a=index
NOTIC: [8] Use of undefined constant DEFAULT_THEME - assumed 'DEFAULT_THEME' E:\wamp\www\milkshop\app\Conf\Admin\config.php 第 8 行.
INFO: [ app_begin ] --START--
INFO: Run ReadHtmlCache Behavior [ RunTime:0.003069s ]
INFO: [ app_begin ] --END-- [ RunTime:0.003461s ]

[ 2014-08-30T11:23:51+08:00 ] 127.0.0.1 /milkshop/index.php?g=Admin&m=Setting&a=set
NOTIC: [8] Use of undefined constant DEFAULT_THEME - assumed 'DEFAULT_THEME' E:\wamp\www\milkshop\app\Conf\Admin\config.php 第 8 行.
INFO: [ app_begin ] --START--
INFO: Run ReadHtmlCache Behavior [ RunTime:0.033855s ]
INFO: [ app_begin ] --END-- [ RunTime:0.034136s ]
SQL: SHOW COLUMNS FROM `m_setting` [ RunTime:0.049675s ]
ERR: Table 'milkshop.m_setting' doesn't exist
 [ SQL语句 ] : SHOW COLUMNS FROM `m_setting`
SQL: SELECT * FROM `m_setting`  [ RunTime:0.004877s ]
ERR: Table 'milkshop.m_setting' doesn't exist
 [ SQL语句 ] : SELECT * FROM `m_setting` 
NOTIC: [2] Invalid argument supplied for foreach() E:\wamp\www\milkshop\app\Lib\Action\Admin\SettingAction.class.php 第 19 行.
NOTIC: [8] Undefined variable: list E:\wamp\www\milkshop\app\Lib\Action\Admin\SettingAction.class.php 第 22 行.
INFO: [ view_template ] --START--
INFO: Run LocationTemplate Behavior [ RunTime:0.002042s ]
INFO: [ view_template ] --END-- [ RunTime:0.002166s ]
INFO: [ view_parse ] --START--
INFO: Run ParseTemplate Behavior [ RunTime:0.122835s ]
INFO: [ view_parse ] --END-- [ RunTime:0.122961s ]
INFO: [ view_filter ] --START--
INFO: Run ContentReplace Behavior [ RunTime:0.001276s ]
INFO: Run TokenBuild Behavior [ RunTime:0.001517s ]
INFO: Run WriteHtmlCache Behavior [ RunTime:0.000756s ]
INFO: Run ShowRuntime Behavior [ RunTime:0.000940s ]
INFO: [ view_filter ] --END-- [ RunTime:0.004782s ]
INFO: [ view_end ] --START--
INFO: Run ShowPageTrace Behavior [ RunTime:0.001034s ]
INFO: [ view_end ] --END-- [ RunTime:0.001116s ]

[ 2014-08-30T15:45:28+08:00 ] 127.0.0.1 /milkshop/index.php?g=Admin&m=Product&a=ls
NOTIC: [8] Use of undefined constant DEFAULT_THEME - assumed 'DEFAULT_THEME' E:\wamp\www\milkshop\app\Conf\Admin\config.php 第 8 行.
INFO: [ app_begin ] --START--
INFO: Run ReadHtmlCache Behavior [ RunTime:0.025633s ]
INFO: [ app_begin ] --END-- [ RunTime:0.066581s ]
NOTIC: [8] Undefined variable: search E:\wamp\www\milkshop\app\Lib\Action\Admin\ProductAction.class.php 第 28 行.
SQL: SHOW COLUMNS FROM `m_product` [ RunTime:1.022483s ]
SQL: SELECT COUNT(*) AS tp_count FROM `m_product` LIMIT 1   [ RunTime:0.153341s ]
SQL: SELECT * FROM `m_product` LIMIT 0,10   [ RunTime:0.077338s ]
SQL: SHOW COLUMNS FROM `m_pro_type` [ RunTime:0.301225s ]
SQL: SELECT `name` FROM `m_pro_type` WHERE ( id=3 ) LIMIT 1   [ RunTime:0.188114s ]
SQL: SELECT `name` FROM `m_pro_type` WHERE ( id=2 ) LIMIT 1   [ RunTime:0.000519s ]
INFO: [ view_template ] --START--
INFO: Run LocationTemplate Behavior [ RunTime:0.069495s ]
INFO: [ view_template ] --END-- [ RunTime:0.069633s ]
INFO: [ view_parse ] --START--
NOTIC: [8] Undefined variable: pid E:\wamp\www\milkshop\app\Runtime\Cache\Admin\2db96c318d5f6a9e9dea8e6372695b6d.php 第 41 行.
NOTIC: [8] Use of undefined constant id - assumed 'id' E:\wamp\www\milkshop\app\Runtime\Cache\Admin\2db96c318d5f6a9e9dea8e6372695b6d.php 第 86 行.
NOTIC: [8] Use of undefined constant id - assumed 'id' E:\wamp\www\milkshop\app\Runtime\Cache\Admin\2db96c318d5f6a9e9dea8e6372695b6d.php 第 87 行.
NOTIC: [8] Use of undefined constant id - assumed 'id' E:\wamp\www\milkshop\app\Runtime\Cache\Admin\2db96c318d5f6a9e9dea8e6372695b6d.php 第 86 行.
NOTIC: [8] Use of undefined constant id - assumed 'id' E:\wamp\www\milkshop\app\Runtime\Cache\Admin\2db96c318d5f6a9e9dea8e6372695b6d.php 第 87 行.
NOTIC: [8] Undefined variable: pages E:\wamp\www\milkshop\app\Runtime\Cache\Admin\2db96c318d5f6a9e9dea8e6372695b6d.php 第 100 行.
INFO: Run ParseTemplate Behavior [ RunTime:0.519996s ]
INFO: [ view_parse ] --END-- [ RunTime:0.520174s ]
INFO: [ view_filter ] --START--
INFO: Run ContentReplace Behavior [ RunTime:0.034057s ]
INFO: Run TokenBuild Behavior [ RunTime:0.022417s ]
INFO: Run WriteHtmlCache Behavior [ RunTime:0.008706s ]
INFO: Run ShowRuntime Behavior [ RunTime:0.004635s ]
INFO: [ view_filter ] --END-- [ RunTime:0.070140s ]
INFO: [ view_end ] --START--
INFO: Run ShowPageTrace Behavior [ RunTime:0.011160s ]
INFO: [ view_end ] --END-- [ RunTime:0.011361s ]

[ 2014-08-30T15:46:19+08:00 ] 127.0.0.1 /milkshop/index.php?g=Admin&m=Product&a=ls
NOTIC: [8] Use of undefined constant DEFAULT_THEME - assumed 'DEFAULT_THEME' E:\wamp\www\milkshop\app\Conf\Admin\config.php 第 8 行.
INFO: [ app_begin ] --START--
INFO: Run ReadHtmlCache Behavior [ RunTime:0.001743s ]
INFO: [ app_begin ] --END-- [ RunTime:0.001966s ]
NOTIC: [8] Undefined variable: search E:\wamp\www\milkshop\app\Lib\Action\Admin\ProductAction.class.php 第 28 行.
SQL: SHOW COLUMNS FROM `m_product` [ RunTime:0.006696s ]
SQL: SELECT COUNT(*) AS tp_count FROM `m_product` LIMIT 1   [ RunTime:0.001077s ]
SQL: SELECT * FROM `m_product` LIMIT 0,10   [ RunTime:0.001411s ]
SQL: SHOW COLUMNS FROM `m_pro_type` [ RunTime:0.003048s ]
SQL: SELECT `name` FROM `m_pro_type` WHERE ( id=3 ) LIMIT 1   [ RunTime:0.001005s ]
SQL: SELECT `name` FROM `m_pro_type` WHERE ( id=2 ) LIMIT 1   [ RunTime:0.000356s ]
INFO: [ view_template ] --START--
INFO: Run LocationTemplate Behavior [ RunTime:0.001461s ]
INFO: [ view_template ] --END-- [ RunTime:0.001561s ]
INFO: [ view_parse ] --START--
NOTIC: [8] Undefined variable: pid E:\wamp\www\milkshop\app\Runtime\Cache\Admin\2db96c318d5f6a9e9dea8e6372695b6d.php 第 41 行.
NOTIC: [8] Use of undefined constant id - assumed 'id' E:\wamp\www\milkshop\app\Runtime\Cache\Admin\2db96c318d5f6a9e9dea8e6372695b6d.php 第 86 行.
NOTIC: [8] Use of undefined constant id - assumed 'id' E:\wamp\www\milkshop\app\Runtime\Cache\Admin\2db96c318d5f6a9e9dea8e6372695b6d.php 第 87 行.
NOTIC: [8] Use of undefined constant id - assumed 'id' E:\wamp\www\milkshop\app\Runtime\Cache\Admin\2db96c318d5f6a9e9dea8e6372695b6d.php 第 86 行.
NOTIC: [8] Use of undefined constant id - assumed 'id' E:\wamp\www\milkshop\app\Runtime\Cache\Admin\2db96c318d5f6a9e9dea8e6372695b6d.php 第 87 行.
NOTIC: [8] Undefined variable: pages E:\wamp\www\milkshop\app\Runtime\Cache\Admin\2db96c318d5f6a9e9dea8e6372695b6d.php 第 100 行.
INFO: Run ParseTemplate Behavior [ RunTime:0.105422s ]
INFO: [ view_parse ] --END-- [ RunTime:0.105579s ]
INFO: [ view_filter ] --START--
INFO: Run ContentReplace Behavior [ RunTime:0.001399s ]
INFO: Run TokenBuild Behavior [ RunTime:0.003819s ]
INFO: Run WriteHtmlCache Behavior [ RunTime:0.001643s ]
INFO: Run ShowRuntime Behavior [ RunTime:0.002008s ]
INFO: [ view_filter ] --END-- [ RunTime:0.009365s ]
INFO: [ view_end ] --START--
INFO: Run ShowPageTrace Behavior [ RunTime:0.001601s ]
INFO: [ view_end ] --END-- [ RunTime:0.001742s ]

[ 2014-08-30T15:46:43+08:00 ] 127.0.0.1 /milkshop/index.php?g=Admin&m=Product&a=ls
NOTIC: [8] Use of undefined constant DEFAULT_THEME - assumed 'DEFAULT_THEME' E:\wamp\www\milkshop\app\Conf\Admin\config.php 第 8 行.
INFO: [ app_begin ] --START--
INFO: Run ReadHtmlCache Behavior [ RunTime:0.000778s ]
INFO: [ app_begin ] --END-- [ RunTime:0.000888s ]
NOTIC: [8] Undefined variable: search E:\wamp\www\milkshop\app\Lib\Action\Admin\ProductAction.class.php 第 28 行.
SQL: SHOW COLUMNS FROM `m_product` [ RunTime:0.003345s ]
SQL: SELECT COUNT(*) AS tp_count FROM `m_product` LIMIT 1   [ RunTime:0.001209s ]
SQL: SELECT * FROM `m_product` LIMIT 0,10   [ RunTime:0.000591s ]
SQL: SHOW COLUMNS FROM `m_pro_type` [ RunTime:0.007433s ]
SQL: SELECT `name` FROM `m_pro_type` WHERE ( id=3 ) LIMIT 1   [ RunTime:0.000964s ]
SQL: SELECT `name` FROM `m_pro_type` WHERE ( id=2 ) LIMIT 1   [ RunTime:0.000968s ]
INFO: [ view_template ] --START--
INFO: Run LocationTemplate Behavior [ RunTime:0.001503s ]
INFO: [ view_template ] --END-- [ RunTime:0.001699s ]
INFO: [ view_parse ] --START--
NOTIC: [8] Undefined variable: pid E:\wamp\www\milkshop\app\Runtime\Cache\Admin\2db96c318d5f6a9e9dea8e6372695b6d.php 第 41 行.
NOTIC: [8] Use of undefined constant id - assumed 'id' E:\wamp\www\milkshop\app\Runtime\Cache\Admin\2db96c318d5f6a9e9dea8e6372695b6d.php 第 86 行.
NOTIC: [8] Use of undefined constant id - assumed 'id' E:\wamp\www\milkshop\app\Runtime\Cache\Admin\2db96c318d5f6a9e9dea8e6372695b6d.php 第 87 行.
NOTIC: [8] Use of undefined constant id - assumed 'id' E:\wamp\www\milkshop\app\Runtime\Cache\Admin\2db96c318d5f6a9e9dea8e6372695b6d.php 第 86 行.
NOTIC: [8] Use of undefined constant id - assumed 'id' E:\wamp\www\milkshop\app\Runtime\Cache\Admin\2db96c318d5f6a9e9dea8e6372695b6d.php 第 87 行.
NOTIC: [8] Undefined variable: pages E:\wamp\www\milkshop\app\Runtime\Cache\Admin\2db96c318d5f6a9e9dea8e6372695b6d.php 第 100 行.
INFO: Run ParseTemplate Behavior [ RunTime:0.017551s ]
INFO: [ view_parse ] --END-- [ RunTime:0.017674s ]
INFO: [ view_filter ] --START--
INFO: Run ContentReplace Behavior [ RunTime:0.000749s ]
INFO: Run TokenBuild Behavior [ RunTime:0.000695s ]
INFO: Run WriteHtmlCache Behavior [ RunTime:0.000552s ]
INFO: Run ShowRuntime Behavior [ RunTime:0.000833s ]
INFO: [ view_filter ] --END-- [ RunTime:0.003154s ]
INFO: [ view_end ] --START--
INFO: Run ShowPageTrace Behavior [ RunTime:0.000969s ]
INFO: [ view_end ] --END-- [ RunTime:0.001086s ]

[ 2014-08-30T15:46:50+08:00 ] 127.0.0.1 /milkshop/index.php?g=Admin&m=Group&a=ls
NOTIC: [8] Use of undefined constant DEFAULT_THEME - assumed 'DEFAULT_THEME' E:\wamp\www\milkshop\app\Conf\Admin\config.php 第 8 行.
INFO: [ app_begin ] --START--
INFO: Run ReadHtmlCache Behavior [ RunTime:0.000681s ]
INFO: [ app_begin ] --END-- [ RunTime:0.000781s ]
SQL: SHOW COLUMNS FROM `m_group` [ RunTime:0.019439s ]
ERR: Table 'milkshop.m_group' doesn't exist
 [ SQL语句 ] : SHOW COLUMNS FROM `m_group`
SQL: SELECT * FROM `m_group`  [ RunTime:0.001073s ]
ERR: Table 'milkshop.m_group' doesn't exist
 [ SQL语句 ] : SELECT * FROM `m_group` 
INFO: [ view_template ] --START--
INFO: Run LocationTemplate Behavior [ RunTime:0.016401s ]
INFO: [ view_template ] --END-- [ RunTime:0.016572s ]
INFO: [ view_parse ] --START--
INFO: Run ParseTemplate Behavior [ RunTime:0.120604s ]
INFO: [ view_parse ] --END-- [ RunTime:0.120771s ]
INFO: [ view_filter ] --START--
INFO: Run ContentReplace Behavior [ RunTime:0.000994s ]
INFO: Run TokenBuild Behavior [ RunTime:0.000920s ]
INFO: Run WriteHtmlCache Behavior [ RunTime:0.000664s ]
INFO: Run ShowRuntime Behavior [ RunTime:0.001160s ]
INFO: [ view_filter ] --END-- [ RunTime:0.004310s ]
INFO: [ view_end ] --START--
INFO: Run ShowPageTrace Behavior [ RunTime:0.001515s ]
INFO: [ view_end ] --END-- [ RunTime:0.001684s ]

[ 2014-08-30T15:46:54+08:00 ] 127.0.0.1 /milkshop/index.php?g=Admin&m=ProType&a=ls
NOTIC: [8] Use of undefined constant DEFAULT_THEME - assumed 'DEFAULT_THEME' E:\wamp\www\milkshop\app\Conf\Admin\config.php 第 8 行.
INFO: [ app_begin ] --START--
INFO: Run ReadHtmlCache Behavior [ RunTime:0.000744s ]
INFO: [ app_begin ] --END-- [ RunTime:0.000867s ]
SQL: SHOW COLUMNS FROM `m_pro_type` [ RunTime:0.007839s ]
SQL: SELECT * FROM `m_pro_type`  [ RunTime:0.001438s ]
INFO: [ view_template ] --START--
INFO: Run LocationTemplate Behavior [ RunTime:0.026243s ]
INFO: [ view_template ] --END-- [ RunTime:0.026416s ]
INFO: [ view_parse ] --START--
NOTIC: [8] Use of undefined constant id - assumed 'id' E:\wamp\www\milkshop\app\Runtime\Cache\Admin\1ae849e0b2275ae4310238f113acf132.php 第 64 行.
NOTIC: [8] Use of undefined constant id - assumed 'id' E:\wamp\www\milkshop\app\Runtime\Cache\Admin\1ae849e0b2275ae4310238f113acf132.php 第 65 行.
NOTIC: [8] Use of undefined constant id - assumed 'id' E:\wamp\www\milkshop\app\Runtime\Cache\Admin\1ae849e0b2275ae4310238f113acf132.php 第 64 行.
NOTIC: [8] Use of undefined constant id - assumed 'id' E:\wamp\www\milkshop\app\Runtime\Cache\Admin\1ae849e0b2275ae4310238f113acf132.php 第 65 行.
NOTIC: [8] Use of undefined constant id - assumed 'id' E:\wamp\www\milkshop\app\Runtime\Cache\Admin\1ae849e0b2275ae4310238f113acf132.php 第 64 行.
NOTIC: [8] Use of undefined constant id - assumed 'id' E:\wamp\www\milkshop\app\Runtime\Cache\Admin\1ae849e0b2275ae4310238f113acf132.php 第 65 行.
NOTIC: [8] Use of undefined constant id - assumed 'id' E:\wamp\www\milkshop\app\Runtime\Cache\Admin\1ae849e0b2275ae4310238f113acf132.php 第 64 行.
NOTIC: [8] Use of undefined constant id - assumed 'id' E:\wamp\www\milkshop\app\Runtime\Cache\Admin\1ae849e0b2275ae4310238f113acf132.php 第 65 行.
NOTIC: [8] Use of undefined constant id - assumed 'id' E:\wamp\www\milkshop\app\Runtime\Cache\Admin\1ae849e0b2275ae4310238f113acf132.php 第 64 行.
NOTIC: [8] Use of undefined constant id - assumed 'id' E:\wamp\www\milkshop\app\Runtime\Cache\Admin\1ae849e0b2275ae4310238f113acf132.php 第 65 行.
INFO: Run ParseTemplate Behavior [ RunTime:0.091679s ]
INFO: [ view_parse ] --END-- [ RunTime:0.091786s ]
INFO: [ view_filter ] --START--
INFO: Run ContentReplace Behavior [ RunTime:0.000602s ]
INFO: Run TokenBuild Behavior [ RunTime:0.000628s ]
INFO: Run WriteHtmlCache Behavior [ RunTime:0.000516s ]
INFO: Run ShowRuntime Behavior [ RunTime:0.000752s ]
INFO: [ view_filter ] --END-- [ RunTime:0.002826s ]
INFO: [ view_end ] --START--
INFO: Run ShowPageTrace Behavior [ RunTime:0.000953s ]
INFO: [ view_end ] --END-- [ RunTime:0.001090s ]

[ 2014-08-30T15:48:43+08:00 ] 127.0.0.1 /milkshop/index.php?g=Admin&m=Product&a=ls
NOTIC: [8] Use of undefined constant DEFAULT_THEME - assumed 'DEFAULT_THEME' E:\wamp\www\milkshop\app\Conf\Admin\config.php 第 8 行.
INFO: [ app_begin ] --START--
INFO: Run ReadHtmlCache Behavior [ RunTime:0.001318s ]
INFO: [ app_begin ] --END-- [ RunTime:0.001470s ]
NOTIC: [8] Undefined variable: search E:\wamp\www\milkshop\app\Lib\Action\Admin\ProductAction.class.php 第 28 行.
SQL: SHOW COLUMNS FROM `m_product` [ RunTime:0.005540s ]
SQL: SELECT COUNT(*) AS tp_count FROM `m_product` LIMIT 1   [ RunTime:0.002248s ]
SQL: SELECT * FROM `m_product` LIMIT 0,10   [ RunTime:0.000587s ]
SQL: SHOW COLUMNS FROM `m_pro_type` [ RunTime:0.003342s ]
SQL: SELECT `name` FROM `m_pro_type` WHERE ( id=3 ) LIMIT 1   [ RunTime:0.002200s ]
SQL: SELECT `name` FROM `m_pro_type` WHERE ( id=2 ) LIMIT 1   [ RunTime:0.000633s ]
INFO: [ view_template ] --START--
INFO: Run LocationTemplate Behavior [ RunTime:0.003419s ]
INFO: [ view_template ] --END-- [ RunTime:0.003607s ]
INFO: [ view_parse ] --START--
NOTIC: [8] Undefined variable: pid E:\wamp\www\milkshop\app\Runtime\Cache\Admin\2db96c318d5f6a9e9dea8e6372695b6d.php 第 41 行.
NOTIC: [8] Use of undefined constant id - assumed 'id' E:\wamp\www\milkshop\app\Runtime\Cache\Admin\2db96c318d5f6a9e9dea8e6372695b6d.php 第 86 行.
NOTIC: [8] Use of undefined constant id - assumed 'id' E:\wamp\www\milkshop\app\Runtime\Cache\Admin\2db96c318d5f6a9e9dea8e6372695b6d.php 第 87 行.
NOTIC: [8] Use of undefined constant id - assumed 'id' E:\wamp\www\milkshop\app\Runtime\Cache\Admin\2db96c318d5f6a9e9dea8e6372695b6d.php 第 86 行.
NOTIC: [8] Use of undefined constant id - assumed 'id' E:\wamp\www\milkshop\app\Runtime\Cache\Admin\2db96c318d5f6a9e9dea8e6372695b6d.php 第 87 行.
NOTIC: [8] Undefined variable: pages E:\wamp\www\milkshop\app\Runtime\Cache\Admin\2db96c318d5f6a9e9dea8e6372695b6d.php 第 100 行.
INFO: Run ParseTemplate Behavior [ RunTime:0.021032s ]
INFO: [ view_parse ] --END-- [ RunTime:0.021145s ]
INFO: [ view_filter ] --START--
INFO: Run ContentReplace Behavior [ RunTime:0.000957s ]
INFO: Run TokenBuild Behavior [ RunTime:0.000853s ]
INFO: Run WriteHtmlCache Behavior [ RunTime:0.000812s ]
INFO: Run ShowRuntime Behavior [ RunTime:0.001319s ]
INFO: [ view_filter ] --END-- [ RunTime:0.004263s ]
INFO: [ view_end ] --START--
INFO: Run ShowPageTrace Behavior [ RunTime:0.002260s ]
INFO: [ view_end ] --END-- [ RunTime:0.002375s ]

[ 2014-08-30T15:48:45+08:00 ] 127.0.0.1 /milkshop/index.php?g=Admin&m=ProType&a=ls
NOTIC: [8] Use of undefined constant DEFAULT_THEME - assumed 'DEFAULT_THEME' E:\wamp\www\milkshop\app\Conf\Admin\config.php 第 8 行.
INFO: [ app_begin ] --START--
INFO: Run ReadHtmlCache Behavior [ RunTime:0.000783s ]
INFO: [ app_begin ] --END-- [ RunTime:0.000905s ]
SQL: SHOW COLUMNS FROM `m_pro_type` [ RunTime:0.005376s ]
SQL: SELECT * FROM `m_pro_type`  [ RunTime:0.004697s ]
INFO: [ view_template ] --START--
INFO: Run LocationTemplate Behavior [ RunTime:0.001160s ]
INFO: [ view_template ] --END-- [ RunTime:0.001303s ]
INFO: [ view_parse ] --START--
NOTIC: [8] Use of undefined constant id - assumed 'id' E:\wamp\www\milkshop\app\Runtime\Cache\Admin\1ae849e0b2275ae4310238f113acf132.php 第 64 行.
NOTIC: [8] Use of undefined constant id - assumed 'id' E:\wamp\www\milkshop\app\Runtime\Cache\Admin\1ae849e0b2275ae4310238f113acf132.php 第 65 行.
NOTIC: [8] Use of undefined constant id - assumed 'id' E:\wamp\www\milkshop\app\Runtime\Cache\Admin\1ae849e0b2275ae4310238f113acf132.php 第 64 行.
NOTIC: [8] Use of undefined constant id - assumed 'id' E:\wamp\www\milkshop\app\Runtime\Cache\Admin\1ae849e0b2275ae4310238f113acf132.php 第 65 行.
NOTIC: [8] Use of undefined constant id - assumed 'id' E:\wamp\www\milkshop\app\Runtime\Cache\Admin\1ae849e0b2275ae4310238f113acf132.php 第 64 行.
NOTIC: [8] Use of undefined constant id - assumed 'id' E:\wamp\www\milkshop\app\Runtime\Cache\Admin\1ae849e0b2275ae4310238f113acf132.php 第 65 行.
NOTIC: [8] Use of undefined constant id - assumed 'id' E:\wamp\www\milkshop\app\Runtime\Cache\Admin\1ae849e0b2275ae4310238f113acf132.php 第 64 行.
NOTIC: [8] Use of undefined constant id - assumed 'id' E:\wamp\www\milkshop\app\Runtime\Cache\Admin\1ae849e0b2275ae4310238f113acf132.php 第 65 行.
NOTIC: [8] Use of undefined constant id - assumed 'id' E:\wamp\www\milkshop\app\Runtime\Cache\Admin\1ae849e0b2275ae4310238f113acf132.php 第 64 行.
NOTIC: [8] Use of undefined constant id - assumed 'id' E:\wamp\www\milkshop\app\Runtime\Cache\Admin\1ae849e0b2275ae4310238f113acf132.php 第 65 行.
INFO: Run ParseTemplate Behavior [ RunTime:0.016523s ]
INFO: [ view_parse ] --END-- [ RunTime:0.016651s ]
INFO: [ view_filter ] --START--
INFO: Run ContentReplace Behavior [ RunTime:0.000721s ]
INFO: Run TokenBuild Behavior [ RunTime:0.000667s ]
INFO: Run WriteHtmlCache Behavior [ RunTime:0.000509s ]
INFO: Run ShowRuntime Behavior [ RunTime:0.000645s ]
INFO: [ view_filter ] --END-- [ RunTime:0.002844s ]
INFO: [ view_end ] --START--
INFO: Run ShowPageTrace Behavior [ RunTime:0.000848s ]
INFO: [ view_end ] --END-- [ RunTime:0.000962s ]

[ 2014-08-30T15:48:55+08:00 ] 127.0.0.1 /milkshop/index.php?g=Admin&m=Product&a=ls
NOTIC: [8] Use of undefined constant DEFAULT_THEME - assumed 'DEFAULT_THEME' E:\wamp\www\milkshop\app\Conf\Admin\config.php 第 8 行.
INFO: [ app_begin ] --START--
INFO: Run ReadHtmlCache Behavior [ RunTime:0.001585s ]
INFO: [ app_begin ] --END-- [ RunTime:0.001739s ]
NOTIC: [8] Undefined variable: search E:\wamp\www\milkshop\app\Lib\Action\Admin\ProductAction.class.php 第 28 行.
SQL: SHOW COLUMNS FROM `m_product` [ RunTime:0.005179s ]
SQL: SELECT COUNT(*) AS tp_count FROM `m_product` LIMIT 1   [ RunTime:0.000634s ]
SQL: SELECT * FROM `m_product` LIMIT 0,10   [ RunTime:0.001224s ]
SQL: SHOW COLUMNS FROM `m_pro_type` [ RunTime:0.006430s ]
SQL: SELECT `name` FROM `m_pro_type` WHERE ( id=3 ) LIMIT 1   [ RunTime:0.000768s ]
SQL: SELECT `name` FROM `m_pro_type` WHERE ( id=2 ) LIMIT 1   [ RunTime:0.000582s ]
INFO: [ view_template ] --START--
INFO: Run LocationTemplate Behavior [ RunTime:0.001778s ]
INFO: [ view_template ] --END-- [ RunTime:0.001904s ]
INFO: [ view_parse ] --START--
NOTIC: [8] Undefined variable: pid E:\wamp\www\milkshop\app\Runtime\Cache\Admin\2db96c318d5f6a9e9dea8e6372695b6d.php 第 41 行.
NOTIC: [8] Use of undefined constant id - assumed 'id' E:\wamp\www\milkshop\app\Runtime\Cache\Admin\2db96c318d5f6a9e9dea8e6372695b6d.php 第 86 行.
NOTIC: [8] Use of undefined constant id - assumed 'id' E:\wamp\www\milkshop\app\Runtime\Cache\Admin\2db96c318d5f6a9e9dea8e6372695b6d.php 第 87 行.
NOTIC: [8] Use of undefined constant id - assumed 'id' E:\wamp\www\milkshop\app\Runtime\Cache\Admin\2db96c318d5f6a9e9dea8e6372695b6d.php 第 86 行.
NOTIC: [8] Use of undefined constant id - assumed 'id' E:\wamp\www\milkshop\app\Runtime\Cache\Admin\2db96c318d5f6a9e9dea8e6372695b6d.php 第 87 行.
NOTIC: [8] Undefined variable: pages E:\wamp\www\milkshop\app\Runtime\Cache\Admin\2db96c318d5f6a9e9dea8e6372695b6d.php 第 100 行.
INFO: Run ParseTemplate Behavior [ RunTime:0.017582s ]
INFO: [ view_parse ] --END-- [ RunTime:0.017680s ]
INFO: [ view_filter ] --START--
INFO: Run ContentReplace Behavior [ RunTime:0.000886s ]
INFO: Run TokenBuild Behavior [ RunTime:0.000801s ]
INFO: Run WriteHtmlCache Behavior [ RunTime:0.000782s ]
INFO: Run ShowRuntime Behavior [ RunTime:0.001081s ]
INFO: [ view_filter ] --END-- [ RunTime:0.003845s ]
INFO: [ view_end ] --START--
INFO: Run ShowPageTrace Behavior [ RunTime:0.001145s ]
INFO: [ view_end ] --END-- [ RunTime:0.001237s ]

[ 2014-08-30T15:49:32+08:00 ] 127.0.0.1 /milkshop/index.php?g=Admin&m=User&a=ls
NOTIC: [8] Use of undefined constant DEFAULT_THEME - assumed 'DEFAULT_THEME' E:\wamp\www\milkshop\app\Conf\Admin\config.php 第 8 行.
INFO: [ app_begin ] --START--
INFO: Run ReadHtmlCache Behavior [ RunTime:0.000707s ]
INFO: [ app_begin ] --END-- [ RunTime:0.000809s ]
NOTIC: [8] Undefined variable: search E:\wamp\www\milkshop\app\Lib\Action\Admin\UserAction.class.php 第 28 行.
SQL: SHOW COLUMNS FROM `m_user` [ RunTime:0.008573s ]
SQL: SELECT COUNT(*) AS tp_count FROM `m_user` LIMIT 1   [ RunTime:0.002711s ]
NOTIC: [8] Undefined variable: sort E:\wamp\www\milkshop\app\Lib\Action\Admin\UserAction.class.php 第 36 行.
SQL: SELECT * FROM `m_user` LIMIT 0,10   [ RunTime:0.001296s ]
SQL: SHOW COLUMNS FROM `m_user_group` [ RunTime:0.003545s ]
SQL: SELECT `name` FROM `m_user_group` WHERE ( id=1 ) LIMIT 1   [ RunTime:0.001062s ]
SQL: SELECT `name` FROM `m_user_group` WHERE ( id=2 ) LIMIT 1   [ RunTime:0.000400s ]
INFO: [ view_template ] --START--
INFO: Run LocationTemplate Behavior [ RunTime:0.025062s ]
INFO: [ view_template ] --END-- [ RunTime:0.025254s ]
INFO: [ view_parse ] --START--
NOTIC: [8] Use of undefined constant id - assumed 'id' E:\wamp\www\milkshop\app\Runtime\Cache\Admin\0b66b9c25d869c9c9decc5fdb0160fb0.php 第 78 行.
NOTIC: [8] Use of undefined constant id - assumed 'id' E:\wamp\www\milkshop\app\Runtime\Cache\Admin\0b66b9c25d869c9c9decc5fdb0160fb0.php 第 79 行.
NOTIC: [8] Use of undefined constant id - assumed 'id' E:\wamp\www\milkshop\app\Runtime\Cache\Admin\0b66b9c25d869c9c9decc5fdb0160fb0.php 第 78 行.
NOTIC: [8] Use of undefined constant id - assumed 'id' E:\wamp\www\milkshop\app\Runtime\Cache\Admin\0b66b9c25d869c9c9decc5fdb0160fb0.php 第 79 行.
INFO: Run ParseTemplate Behavior [ RunTime:0.021695s ]
INFO: [ view_parse ] --END-- [ RunTime:0.021822s ]
INFO: [ view_filter ] --START--
INFO: Run ContentReplace Behavior [ RunTime:0.000653s ]
INFO: Run TokenBuild Behavior [ RunTime:0.000547s ]
INFO: Run WriteHtmlCache Behavior [ RunTime:0.000406s ]
INFO: Run ShowRuntime Behavior [ RunTime:0.000814s ]
INFO: [ view_filter ] --END-- [ RunTime:0.002707s ]
INFO: [ view_end ] --START--
INFO: Run ShowPageTrace Behavior [ RunTime:0.000941s ]
INFO: [ view_end ] --END-- [ RunTime:0.001070s ]

[ 2014-08-30T15:49:33+08:00 ] 127.0.0.1 /milkshop/index.php?g=Admin&m=User&a=ls
NOTIC: [8] Use of undefined constant DEFAULT_THEME - assumed 'DEFAULT_THEME' E:\wamp\www\milkshop\app\Conf\Admin\config.php 第 8 行.
INFO: [ app_begin ] --START--
INFO: Run ReadHtmlCache Behavior [ RunTime:0.000873s ]
INFO: [ app_begin ] --END-- [ RunTime:0.001022s ]
NOTIC: [8] Undefined variable: search E:\wamp\www\milkshop\app\Lib\Action\Admin\UserAction.class.php 第 28 行.
SQL: SHOW COLUMNS FROM `m_user` [ RunTime:0.002766s ]
SQL: SELECT COUNT(*) AS tp_count FROM `m_user` LIMIT 1   [ RunTime:0.000795s ]
NOTIC: [8] Undefined variable: sort E:\wamp\www\milkshop\app\Lib\Action\Admin\UserAction.class.php 第 36 行.
SQL: SELECT * FROM `m_user` LIMIT 0,10   [ RunTime:0.000391s ]
SQL: SHOW COLUMNS FROM `m_user_group` [ RunTime:0.002616s ]
SQL: SELECT `name` FROM `m_user_group` WHERE ( id=1 ) LIMIT 1   [ RunTime:0.000923s ]
SQL: SELECT `name` FROM `m_user_group` WHERE ( id=2 ) LIMIT 1   [ RunTime:0.000328s ]
INFO: [ view_template ] --START--
INFO: Run LocationTemplate Behavior [ RunTime:0.000874s ]
INFO: [ view_template ] --END-- [ RunTime:0.001031s ]
INFO: [ view_parse ] --START--
NOTIC: [8] Use of undefined constant id - assumed 'id' E:\wamp\www\milkshop\app\Runtime\Cache\Admin\0b66b9c25d869c9c9decc5fdb0160fb0.php 第 78 行.
NOTIC: [8] Use of undefined constant id - assumed 'id' E:\wamp\www\milkshop\app\Runtime\Cache\Admin\0b66b9c25d869c9c9decc5fdb0160fb0.php 第 79 行.
NOTIC: [8] Use of undefined constant id - assumed 'id' E:\wamp\www\milkshop\app\Runtime\Cache\Admin\0b66b9c25d869c9c9decc5fdb0160fb0.php 第 78 行.
NOTIC: [8] Use of undefined constant id - assumed 'id' E:\wamp\www\milkshop\app\Runtime\Cache\Admin\0b66b9c25d869c9c9decc5fdb0160fb0.php 第 79 行.
INFO: Run ParseTemplate Behavior [ RunTime:0.018455s ]
INFO: [ view_parse ] --END-- [ RunTime:0.018565s ]
INFO: [ view_filter ] --START--
INFO: Run ContentReplace Behavior [ RunTime:0.000647s ]
INFO: Run TokenBuild Behavior [ RunTime:0.000536s ]
INFO: Run WriteHtmlCache Behavior [ RunTime:0.000426s ]
INFO: Run ShowRuntime Behavior [ RunTime:0.000728s ]
INFO: [ view_filter ] --END-- [ RunTime:0.002637s ]
INFO: [ view_end ] --START--
INFO: Run ShowPageTrace Behavior [ RunTime:0.000972s ]
INFO: [ view_end ] --END-- [ RunTime:0.001082s ]

[ 2014-08-30T15:49:34+08:00 ] 127.0.0.1 /milkshop/index.php?g=Admin&m=Group&a=ls
NOTIC: [8] Use of undefined constant DEFAULT_THEME - assumed 'DEFAULT_THEME' E:\wamp\www\milkshop\app\Conf\Admin\config.php 第 8 行.
INFO: [ app_begin ] --START--
INFO: Run ReadHtmlCache Behavior [ RunTime:0.000988s ]
INFO: [ app_begin ] --END-- [ RunTime:0.001142s ]
SQL: SHOW COLUMNS FROM `m_group` [ RunTime:0.025670s ]
ERR: Table 'milkshop.m_group' doesn't exist
 [ SQL语句 ] : SHOW COLUMNS FROM `m_group`
SQL: SELECT * FROM `m_group`  [ RunTime:0.005027s ]
ERR: Table 'milkshop.m_group' doesn't exist
 [ SQL语句 ] : SELECT * FROM `m_group` 
INFO: [ view_template ] --START--
INFO: Run LocationTemplate Behavior [ RunTime:0.002289s ]
INFO: [ view_template ] --END-- [ RunTime:0.002503s ]
INFO: [ view_parse ] --START--
INFO: Run ParseTemplate Behavior [ RunTime:0.013152s ]
INFO: [ view_parse ] --END-- [ RunTime:0.013290s ]
INFO: [ view_filter ] --START--
INFO: Run ContentReplace Behavior [ RunTime:0.000729s ]
INFO: Run TokenBuild Behavior [ RunTime:0.000626s ]
INFO: Run WriteHtmlCache Behavior [ RunTime:0.000420s ]
INFO: Run ShowRuntime Behavior [ RunTime:0.000647s ]
INFO: [ view_filter ] --END-- [ RunTime:0.002709s ]
INFO: [ view_end ] --START--
INFO: Run ShowPageTrace Behavior [ RunTime:0.000939s ]
INFO: [ view_end ] --END-- [ RunTime:0.001045s ]

[ 2014-08-30T15:49:35+08:00 ] 127.0.0.1 /milkshop/index.php?g=Admin&m=User&a=ls
NOTIC: [8] Use of undefined constant DEFAULT_THEME - assumed 'DEFAULT_THEME' E:\wamp\www\milkshop\app\Conf\Admin\config.php 第 8 行.
INFO: [ app_begin ] --START--
INFO: Run ReadHtmlCache Behavior [ RunTime:0.001177s ]
INFO: [ app_begin ] --END-- [ RunTime:0.001361s ]
NOTIC: [8] Undefined variable: search E:\wamp\www\milkshop\app\Lib\Action\Admin\UserAction.class.php 第 28 行.
SQL: SHOW COLUMNS FROM `m_user` [ RunTime:0.006955s ]
SQL: SELECT COUNT(*) AS tp_count FROM `m_user` LIMIT 1   [ RunTime:0.007380s ]
NOTIC: [8] Undefined variable: sort E:\wamp\www\milkshop\app\Lib\Action\Admin\UserAction.class.php 第 36 行.
SQL: SELECT * FROM `m_user` LIMIT 0,10   [ RunTime:0.000800s ]
SQL: SHOW COLUMNS FROM `m_user_group` [ RunTime:0.004419s ]
SQL: SELECT `name` FROM `m_user_group` WHERE ( id=1 ) LIMIT 1   [ RunTime:0.004719s ]
SQL: SELECT `name` FROM `m_user_group` WHERE ( id=2 ) LIMIT 1   [ RunTime:0.000520s ]
INFO: [ view_template ] --START--
INFO: Run LocationTemplate Behavior [ RunTime:0.000825s ]
INFO: [ view_template ] --END-- [ RunTime:0.000942s ]
INFO: [ view_parse ] --START--
NOTIC: [8] Use of undefined constant id - assumed 'id' E:\wamp\www\milkshop\app\Runtime\Cache\Admin\0b66b9c25d869c9c9decc5fdb0160fb0.php 第 78 行.
NOTIC: [8] Use of undefined constant id - assumed 'id' E:\wamp\www\milkshop\app\Runtime\Cache\Admin\0b66b9c25d869c9c9decc5fdb0160fb0.php 第 79 行.
NOTIC: [8] Use of undefined constant id - assumed 'id' E:\wamp\www\milkshop\app\Runtime\Cache\Admin\0b66b9c25d869c9c9decc5fdb0160fb0.php 第 78 行.
NOTIC: [8] Use of undefined constant id - assumed 'id' E:\wamp\www\milkshop\app\Runtime\Cache\Admin\0b66b9c25d869c9c9decc5fdb0160fb0.php 第 79 行.
INFO: Run ParseTemplate Behavior [ RunTime:0.023166s ]
INFO: [ view_parse ] --END-- [ RunTime:0.023290s ]
INFO: [ view_filter ] --START--
INFO: Run ContentReplace Behavior [ RunTime:0.000717s ]
INFO: Run TokenBuild Behavior [ RunTime:0.000844s ]
INFO: Run WriteHtmlCache Behavior [ RunTime:0.000649s ]
INFO: Run ShowRuntime Behavior [ RunTime:0.000859s ]
INFO: [ view_filter ] --END-- [ RunTime:0.003379s ]
INFO: [ view_end ] --START--
INFO: Run ShowPageTrace Behavior [ RunTime:0.001025s ]
INFO: [ view_end ] --END-- [ RunTime:0.001138s ]

[ 2014-08-30T15:49:43+08:00 ] 127.0.0.1 /milkshop/index.php?g=Admin&m=Group&a=ls
NOTIC: [8] Use of undefined constant DEFAULT_THEME - assumed 'DEFAULT_THEME' E:\wamp\www\milkshop\app\Conf\Admin\config.php 第 8 行.
INFO: [ app_begin ] --START--
INFO: Run ReadHtmlCache Behavior [ RunTime:0.000694s ]
INFO: [ app_begin ] --END-- [ RunTime:0.000802s ]
SQL: SHOW COLUMNS FROM `m_group` [ RunTime:0.005033s ]
ERR: Table 'milkshop.m_group' doesn't exist
 [ SQL语句 ] : SHOW COLUMNS FROM `m_group`
SQL: SELECT * FROM `m_group`  [ RunTime:0.001092s ]
ERR: Table 'milkshop.m_group' doesn't exist
 [ SQL语句 ] : SELECT * FROM `m_group` 
INFO: [ view_template ] --START--
INFO: Run LocationTemplate Behavior [ RunTime:0.001862s ]
INFO: [ view_template ] --END-- [ RunTime:0.002034s ]
INFO: [ view_parse ] --START--
INFO: Run ParseTemplate Behavior [ RunTime:0.016971s ]
INFO: [ view_parse ] --END-- [ RunTime:0.017095s ]
INFO: [ view_filter ] --START--
INFO: Run ContentReplace Behavior [ RunTime:0.000649s ]
INFO: Run TokenBuild Behavior [ RunTime:0.000577s ]
INFO: Run WriteHtmlCache Behavior [ RunTime:0.000408s ]
INFO: Run ShowRuntime Behavior [ RunTime:0.000601s ]
INFO: [ view_filter ] --END-- [ RunTime:0.002495s ]
INFO: [ view_end ] --START--
INFO: Run ShowPageTrace Behavior [ RunTime:0.000767s ]
INFO: [ view_end ] --END-- [ RunTime:0.000859s ]

[ 2014-08-30T15:49:44+08:00 ] 127.0.0.1 /milkshop/index.php?g=Admin&m=User&a=ls
NOTIC: [8] Use of undefined constant DEFAULT_THEME - assumed 'DEFAULT_THEME' E:\wamp\www\milkshop\app\Conf\Admin\config.php 第 8 行.
INFO: [ app_begin ] --START--
INFO: Run ReadHtmlCache Behavior [ RunTime:0.001126s ]
INFO: [ app_begin ] --END-- [ RunTime:0.001326s ]
NOTIC: [8] Undefined variable: search E:\wamp\www\milkshop\app\Lib\Action\Admin\UserAction.class.php 第 28 行.
SQL: SHOW COLUMNS FROM `m_user` [ RunTime:0.007367s ]
SQL: SELECT COUNT(*) AS tp_count FROM `m_user` LIMIT 1   [ RunTime:0.003832s ]
NOTIC: [8] Undefined variable: sort E:\wamp\www\milkshop\app\Lib\Action\Admin\UserAction.class.php 第 36 行.
SQL: SELECT * FROM `m_user` LIMIT 0,10   [ RunTime:0.000825s ]
SQL: SHOW COLUMNS FROM `m_user_group` [ RunTime:0.003642s ]
SQL: SELECT `name` FROM `m_user_group` WHERE ( id=1 ) LIMIT 1   [ RunTime:0.007454s ]
SQL: SELECT `name` FROM `m_user_group` WHERE ( id=2 ) LIMIT 1   [ RunTime:0.000817s ]
INFO: [ view_template ] --START--
INFO: Run LocationTemplate Behavior [ RunTime:0.001143s ]
INFO: [ view_template ] --END-- [ RunTime:0.001334s ]
INFO: [ view_parse ] --START--
NOTIC: [8] Use of undefined constant id - assumed 'id' E:\wamp\www\milkshop\app\Runtime\Cache\Admin\0b66b9c25d869c9c9decc5fdb0160fb0.php 第 78 行.
NOTIC: [8] Use of undefined constant id - assumed 'id' E:\wamp\www\milkshop\app\Runtime\Cache\Admin\0b66b9c25d869c9c9decc5fdb0160fb0.php 第 79 行.
NOTIC: [8] Use of undefined constant id - assumed 'id' E:\wamp\www\milkshop\app\Runtime\Cache\Admin\0b66b9c25d869c9c9decc5fdb0160fb0.php 第 78 行.
NOTIC: [8] Use of undefined constant id - assumed 'id' E:\wamp\www\milkshop\app\Runtime\Cache\Admin\0b66b9c25d869c9c9decc5fdb0160fb0.php 第 79 行.
INFO: Run ParseTemplate Behavior [ RunTime:0.016660s ]
INFO: [ view_parse ] --END-- [ RunTime:0.016771s ]
INFO: [ view_filter ] --START--
INFO: Run ContentReplace Behavior [ RunTime:0.000669s ]
INFO: Run TokenBuild Behavior [ RunTime:0.000568s ]
INFO: Run WriteHtmlCache Behavior [ RunTime:0.000454s ]
INFO: Run ShowRuntime Behavior [ RunTime:0.000662s ]
INFO: [ view_filter ] --END-- [ RunTime:0.002624s ]
INFO: [ view_end ] --START--
INFO: Run ShowPageTrace Behavior [ RunTime:0.000896s ]
INFO: [ view_end ] --END-- [ RunTime:0.000999s ]

[ 2014-08-30T15:49:46+08:00 ] 127.0.0.1 /milkshop/index.php?g=Admin&m=Group&a=ls
NOTIC: [8] Use of undefined constant DEFAULT_THEME - assumed 'DEFAULT_THEME' E:\wamp\www\milkshop\app\Conf\Admin\config.php 第 8 行.
INFO: [ app_begin ] --START--
INFO: Run ReadHtmlCache Behavior [ RunTime:0.001146s ]
INFO: [ app_begin ] --END-- [ RunTime:0.001346s ]
SQL: SHOW COLUMNS FROM `m_group` [ RunTime:0.002963s ]
ERR: Table 'milkshop.m_group' doesn't exist
 [ SQL语句 ] : SHOW COLUMNS FROM `m_group`
SQL: SELECT * FROM `m_group`  [ RunTime:0.000986s ]
ERR: Table 'milkshop.m_group' doesn't exist
 [ SQL语句 ] : SELECT * FROM `m_group` 
INFO: [ view_template ] --START--
INFO: Run LocationTemplate Behavior [ RunTime:0.000642s ]
INFO: [ view_template ] --END-- [ RunTime:0.000730s ]
INFO: [ view_parse ] --START--
INFO: Run ParseTemplate Behavior [ RunTime:0.024190s ]
INFO: [ view_parse ] --END-- [ RunTime:0.024315s ]
INFO: [ view_filter ] --START--
INFO: Run ContentReplace Behavior [ RunTime:0.000798s ]
INFO: Run TokenBuild Behavior [ RunTime:0.001002s ]
INFO: Run WriteHtmlCache Behavior [ RunTime:0.000789s ]
INFO: Run ShowRuntime Behavior [ RunTime:0.001168s ]
INFO: [ view_filter ] --END-- [ RunTime:0.004198s ]
INFO: [ view_end ] --START--
INFO: Run ShowPageTrace Behavior [ RunTime:0.001494s ]
INFO: [ view_end ] --END-- [ RunTime:0.001642s ]

[ 2014-08-30T15:49:47+08:00 ] 127.0.0.1 /milkshop/index.php?g=Admin&m=User&a=ls
NOTIC: [8] Use of undefined constant DEFAULT_THEME - assumed 'DEFAULT_THEME' E:\wamp\www\milkshop\app\Conf\Admin\config.php 第 8 行.
INFO: [ app_begin ] --START--
INFO: Run ReadHtmlCache Behavior [ RunTime:0.001538s ]
INFO: [ app_begin ] --END-- [ RunTime:0.001792s ]
NOTIC: [8] Undefined variable: search E:\wamp\www\milkshop\app\Lib\Action\Admin\UserAction.class.php 第 28 行.
SQL: SHOW COLUMNS FROM `m_user` [ RunTime:0.003732s ]
SQL: SELECT COUNT(*) AS tp_count FROM `m_user` LIMIT 1   [ RunTime:0.003208s ]
NOTIC: [8] Undefined variable: sort E:\wamp\www\milkshop\app\Lib\Action\Admin\UserAction.class.php 第 36 行.
SQL: SELECT * FROM `m_user` LIMIT 0,10   [ RunTime:0.001742s ]
SQL: SHOW COLUMNS FROM `m_user_group` [ RunTime:0.006020s ]
SQL: SELECT `name` FROM `m_user_group` WHERE ( id=1 ) LIMIT 1   [ RunTime:0.002377s ]
SQL: SELECT `name` FROM `m_user_group` WHERE ( id=2 ) LIMIT 1   [ RunTime:0.000560s ]
INFO: [ view_template ] --START--
INFO: Run LocationTemplate Behavior [ RunTime:0.000890s ]
INFO: [ view_template ] --END-- [ RunTime:0.001033s ]
INFO: [ view_parse ] --START--
NOTIC: [8] Use of undefined constant id - assumed 'id' E:\wamp\www\milkshop\app\Runtime\Cache\Admin\0b66b9c25d869c9c9decc5fdb0160fb0.php 第 78 行.
NOTIC: [8] Use of undefined constant id - assumed 'id' E:\wamp\www\milkshop\app\Runtime\Cache\Admin\0b66b9c25d869c9c9decc5fdb0160fb0.php 第 79 行.
NOTIC: [8] Use of undefined constant id - assumed 'id' E:\wamp\www\milkshop\app\Runtime\Cache\Admin\0b66b9c25d869c9c9decc5fdb0160fb0.php 第 78 行.
NOTIC: [8] Use of undefined constant id - assumed 'id' E:\wamp\www\milkshop\app\Runtime\Cache\Admin\0b66b9c25d869c9c9decc5fdb0160fb0.php 第 79 行.
INFO: Run ParseTemplate Behavior [ RunTime:0.023479s ]
INFO: [ view_parse ] --END-- [ RunTime:0.023631s ]
INFO: [ view_filter ] --START--
INFO: Run ContentReplace Behavior [ RunTime:0.001033s ]
INFO: Run TokenBuild Behavior [ RunTime:0.001037s ]
INFO: Run WriteHtmlCache Behavior [ RunTime:0.000852s ]
INFO: Run ShowRuntime Behavior [ RunTime:0.004306s ]
INFO: [ view_filter ] --END-- [ RunTime:0.007970s ]
INFO: [ view_end ] --START--
INFO: Run ShowPageTrace Behavior [ RunTime:0.002853s ]
INFO: [ view_end ] --END-- [ RunTime:0.003053s ]

[ 2014-08-30T15:49:50+08:00 ] ERR: (ThinkException) 无法加载模块:Index
[ 2014-08-30T15:49:53+08:00 ] 127.0.0.1 /milkshop/index.php?g=Admin&m=User&a=ls
NOTIC: [8] Use of undefined constant DEFAULT_THEME - assumed 'DEFAULT_THEME' E:\wamp\www\milkshop\app\Conf\Admin\config.php 第 8 行.
INFO: [ app_begin ] --START--
INFO: Run ReadHtmlCache Behavior [ RunTime:0.001548s ]
INFO: [ app_begin ] --END-- [ RunTime:0.001800s ]
NOTIC: [8] Undefined variable: search E:\wamp\www\milkshop\app\Lib\Action\Admin\UserAction.class.php 第 28 行.
SQL: SHOW COLUMNS FROM `m_user` [ RunTime:0.003332s ]
SQL: SELECT COUNT(*) AS tp_count FROM `m_user` LIMIT 1   [ RunTime:0.000892s ]
NOTIC: [8] Undefined variable: sort E:\wamp\www\milkshop\app\Lib\Action\Admin\UserAction.class.php 第 36 行.
SQL: SELECT * FROM `m_user` LIMIT 0,10   [ RunTime:0.000396s ]
SQL: SHOW COLUMNS FROM `m_user_group` [ RunTime:0.002888s ]
SQL: SELECT `name` FROM `m_user_group` WHERE ( id=1 ) LIMIT 1   [ RunTime:0.001394s ]
SQL: SELECT `name` FROM `m_user_group` WHERE ( id=2 ) LIMIT 1   [ RunTime:0.000351s ]
INFO: [ view_template ] --START--
INFO: Run LocationTemplate Behavior [ RunTime:0.000647s ]
INFO: [ view_template ] --END-- [ RunTime:0.000740s ]
INFO: [ view_parse ] --START--
NOTIC: [8] Use of undefined constant id - assumed 'id' E:\wamp\www\milkshop\app\Runtime\Cache\Admin\0b66b9c25d869c9c9decc5fdb0160fb0.php 第 78 行.
NOTIC: [8] Use of undefined constant id - assumed 'id' E:\wamp\www\milkshop\app\Runtime\Cache\Admin\0b66b9c25d869c9c9decc5fdb0160fb0.php 第 79 行.
NOTIC: [8] Use of undefined constant id - assumed 'id' E:\wamp\www\milkshop\app\Runtime\Cache\Admin\0b66b9c25d869c9c9decc5fdb0160fb0.php 第 78 行.
NOTIC: [8] Use of undefined constant id - assumed 'id' E:\wamp\www\milkshop\app\Runtime\Cache\Admin\0b66b9c25d869c9c9decc5fdb0160fb0.php 第 79 行.
INFO: Run ParseTemplate Behavior [ RunTime:0.013133s ]
INFO: [ view_parse ] --END-- [ RunTime:0.013244s ]
INFO: [ view_filter ] --START--
INFO: Run ContentReplace Behavior [ RunTime:0.000706s ]
INFO: Run TokenBuild Behavior [ RunTime:0.000652s ]
INFO: Run WriteHtmlCache Behavior [ RunTime:0.000506s ]
INFO: Run ShowRuntime Behavior [ RunTime:0.000880s ]
INFO: [ view_filter ] --END-- [ RunTime:0.003110s ]
INFO: [ view_end ] --START--
INFO: Run ShowPageTrace Behavior [ RunTime:0.000944s ]
INFO: [ view_end ] --END-- [ RunTime:0.001067s ]

[ 2014-08-30T15:50:14+08:00 ] ERR: (ThinkException) 无法加载模块:Index
[ 2014-08-30T15:50:14+08:00 ] ERR: (ThinkException) 无法加载模块:Index
[ 2014-08-30T15:50:25+08:00 ] 127.0.0.1 /milkshop/index.php?g=Admin&m=User&a=ls
NOTIC: [8] Use of undefined constant DEFAULT_THEME - assumed 'DEFAULT_THEME' E:\wamp\www\milkshop\app\Conf\Admin\config.php 第 8 行.
INFO: [ app_begin ] --START--
INFO: Run ReadHtmlCache Behavior [ RunTime:0.000698s ]
INFO: [ app_begin ] --END-- [ RunTime:0.000804s ]
NOTIC: [8] Undefined variable: search E:\wamp\www\milkshop\app\Lib\Action\Admin\UserAction.class.php 第 28 行.
SQL: SHOW COLUMNS FROM `m_user` [ RunTime:0.004199s ]
SQL: SELECT COUNT(*) AS tp_count FROM `m_user` LIMIT 1   [ RunTime:0.000863s ]
NOTIC: [8] Undefined variable: sort E:\wamp\www\milkshop\app\Lib\Action\Admin\UserAction.class.php 第 36 行.
SQL: SELECT * FROM `m_user` LIMIT 0,10   [ RunTime:0.000571s ]
SQL: SHOW COLUMNS FROM `m_user_group` [ RunTime:0.003042s ]
SQL: SELECT `name` FROM `m_user_group` WHERE ( id=1 ) LIMIT 1   [ RunTime:0.000932s ]
SQL: SELECT `name` FROM `m_user_group` WHERE ( id=2 ) LIMIT 1   [ RunTime:0.000324s ]
INFO: [ view_template ] --START--
INFO: Run LocationTemplate Behavior [ RunTime:0.001535s ]
INFO: [ view_template ] --END-- [ RunTime:0.001640s ]
INFO: [ view_parse ] --START--
NOTIC: [8] Use of undefined constant id - assumed 'id' E:\wamp\www\milkshop\app\Runtime\Cache\Admin\0b66b9c25d869c9c9decc5fdb0160fb0.php 第 78 行.
NOTIC: [8] Use of undefined constant id - assumed 'id' E:\wamp\www\milkshop\app\Runtime\Cache\Admin\0b66b9c25d869c9c9decc5fdb0160fb0.php 第 79 行.
NOTIC: [8] Use of undefined constant id - assumed 'id' E:\wamp\www\milkshop\app\Runtime\Cache\Admin\0b66b9c25d869c9c9decc5fdb0160fb0.php 第 78 行.
NOTIC: [8] Use of undefined constant id - assumed 'id' E:\wamp\www\milkshop\app\Runtime\Cache\Admin\0b66b9c25d869c9c9decc5fdb0160fb0.php 第 79 行.
INFO: Run ParseTemplate Behavior [ RunTime:0.030342s ]
INFO: [ view_parse ] --END-- [ RunTime:0.030442s ]
INFO: [ view_filter ] --START--
INFO: Run ContentReplace Behavior [ RunTime:0.000966s ]
INFO: Run TokenBuild Behavior [ RunTime:0.000882s ]
INFO: Run WriteHtmlCache Behavior [ RunTime:0.000977s ]
INFO: Run ShowRuntime Behavior [ RunTime:0.001204s ]
INFO: [ view_filter ] --END-- [ RunTime:0.004355s ]
INFO: [ view_end ] --START--
INFO: Run ShowPageTrace Behavior [ RunTime:0.001382s ]
INFO: [ view_end ] --END-- [ RunTime:0.001502s ]

[ 2014-08-30T15:50:29+08:00 ] ERR: (ThinkException) 无法加载模块:Index
[ 2014-08-30T15:57:47+08:00 ] 127.0.0.1 /milkshop/index.php?g=Admin&m=User&a=ls
NOTIC: [8] Use of undefined constant DEFAULT_THEME - assumed 'DEFAULT_THEME' E:\wamp\www\milkshop\app\Conf\Admin\config.php 第 8 行.
INFO: [ app_begin ] --START--
INFO: Run ReadHtmlCache Behavior [ RunTime:0.001202s ]
INFO: [ app_begin ] --END-- [ RunTime:0.001346s ]
NOTIC: [8] Undefined variable: search E:\wamp\www\milkshop\app\Lib\Action\Admin\UserAction.class.php 第 28 行.
SQL: SHOW COLUMNS FROM `m_user` [ RunTime:0.003213s ]
SQL: SELECT COUNT(*) AS tp_count FROM `m_user` LIMIT 1   [ RunTime:0.000906s ]
NOTIC: [8] Undefined variable: sort E:\wamp\www\milkshop\app\Lib\Action\Admin\UserAction.class.php 第 36 行.
SQL: SELECT * FROM `m_user` LIMIT 0,10   [ RunTime:0.000425s ]
SQL: SHOW COLUMNS FROM `m_user_group` [ RunTime:0.005850s ]
SQL: SELECT `name` FROM `m_user_group` WHERE ( id=1 ) LIMIT 1   [ RunTime:0.001727s ]
SQL: SELECT `name` FROM `m_user_group` WHERE ( id=2 ) LIMIT 1   [ RunTime:0.000987s ]
INFO: [ view_template ] --START--
INFO: Run LocationTemplate Behavior [ RunTime:0.002884s ]
INFO: [ view_template ] --END-- [ RunTime:0.003137s ]
INFO: [ view_parse ] --START--
NOTIC: [8] Use of undefined constant id - assumed 'id' E:\wamp\www\milkshop\app\Runtime\Cache\Admin\0b66b9c25d869c9c9decc5fdb0160fb0.php 第 78 行.
NOTIC: [8] Use of undefined constant id - assumed 'id' E:\wamp\www\milkshop\app\Runtime\Cache\Admin\0b66b9c25d869c9c9decc5fdb0160fb0.php 第 79 行.
NOTIC: [8] Use of undefined constant id - assumed 'id' E:\wamp\www\milkshop\app\Runtime\Cache\Admin\0b66b9c25d869c9c9decc5fdb0160fb0.php 第 78 行.
NOTIC: [8] Use of undefined constant id - assumed 'id' E:\wamp\www\milkshop\app\Runtime\Cache\Admin\0b66b9c25d869c9c9decc5fdb0160fb0.php 第 79 行.
INFO: Run ParseTemplate Behavior [ RunTime:0.019691s ]
INFO: [ view_parse ] --END-- [ RunTime:0.019834s ]
INFO: [ view_filter ] --START--
INFO: Run ContentReplace Behavior [ RunTime:0.000955s ]
INFO: Run TokenBuild Behavior [ RunTime:0.000864s ]
INFO: Run WriteHtmlCache Behavior [ RunTime:0.006836s ]
INFO: Run ShowRuntime Behavior [ RunTime:0.001393s ]
INFO: [ view_filter ] --END-- [ RunTime:0.010457s ]
INFO: [ view_end ] --START--
INFO: Run ShowPageTrace Behavior [ RunTime:0.002012s ]
INFO: [ view_end ] --END-- [ RunTime:0.002190s ]

[ 2014-08-30T16:16:01+08:00 ] 127.0.0.1 /milkshop/index.php?g=Admin&m=User&a=ls
NOTIC: [8] Use of undefined constant DEFAULT_THEME - assumed 'DEFAULT_THEME' E:\wamp\www\milkshop\app\Conf\Admin\config.php 第 8 行.
INFO: [ app_begin ] --START--
INFO: Run ReadHtmlCache Behavior [ RunTime:0.001520s ]
INFO: [ app_begin ] --END-- [ RunTime:0.001722s ]
NOTIC: [8] Undefined variable: search E:\wamp\www\milkshop\app\Lib\Action\Admin\UserAction.class.php 第 28 行.
SQL: SHOW COLUMNS FROM `m_user` [ RunTime:0.004775s ]
SQL: SELECT COUNT(*) AS tp_count FROM `m_user` LIMIT 1   [ RunTime:0.001015s ]
NOTIC: [8] Undefined variable: sort E:\wamp\www\milkshop\app\Lib\Action\Admin\UserAction.class.php 第 36 行.
SQL: SELECT * FROM `m_user` LIMIT 0,10   [ RunTime:0.000448s ]
SQL: SHOW COLUMNS FROM `m_user_group` [ RunTime:0.004409s ]
SQL: SELECT `name` FROM `m_user_group` WHERE ( id=1 ) LIMIT 1   [ RunTime:0.000523s ]
SQL: SELECT `name` FROM `m_user_group` WHERE ( id=2 ) LIMIT 1   [ RunTime:0.000324s ]
INFO: [ view_template ] --START--
INFO: Run LocationTemplate Behavior [ RunTime:0.001456s ]
INFO: [ view_template ] --END-- [ RunTime:0.001558s ]
INFO: [ view_parse ] --START--
NOTIC: [8] Use of undefined constant id - assumed 'id' E:\wamp\www\milkshop\app\Runtime\Cache\Admin\0b66b9c25d869c9c9decc5fdb0160fb0.php 第 78 行.
NOTIC: [8] Use of undefined constant id - assumed 'id' E:\wamp\www\milkshop\app\Runtime\Cache\Admin\0b66b9c25d869c9c9decc5fdb0160fb0.php 第 79 行.
NOTIC: [8] Use of undefined constant id - assumed 'id' E:\wamp\www\milkshop\app\Runtime\Cache\Admin\0b66b9c25d869c9c9decc5fdb0160fb0.php 第 78 行.
NOTIC: [8] Use of undefined constant id - assumed 'id' E:\wamp\www\milkshop\app\Runtime\Cache\Admin\0b66b9c25d869c9c9decc5fdb0160fb0.php 第 79 行.
INFO: Run ParseTemplate Behavior [ RunTime:0.021839s ]
INFO: [ view_parse ] --END-- [ RunTime:0.021945s ]
INFO: [ view_filter ] --START--
INFO: Run ContentReplace Behavior [ RunTime:0.000968s ]
INFO: Run TokenBuild Behavior [ RunTime:0.000868s ]
INFO: Run WriteHtmlCache Behavior [ RunTime:0.003305s ]
INFO: Run ShowRuntime Behavior [ RunTime:0.001023s ]
INFO: [ view_filter ] --END-- [ RunTime:0.006469s ]
INFO: [ view_end ] --START--
INFO: Run ShowPageTrace Behavior [ RunTime:0.001290s ]
INFO: [ view_end ] --END-- [ RunTime:0.001403s ]

[ 2014-08-30T16:16:06+08:00 ] 127.0.0.1 /milkshop/index.php?g=Admin&m=User&a=ls
NOTIC: [8] Use of undefined constant DEFAULT_THEME - assumed 'DEFAULT_THEME' E:\wamp\www\milkshop\app\Conf\Admin\config.php 第 8 行.
INFO: [ app_begin ] --START--
INFO: Run ReadHtmlCache Behavior [ RunTime:0.000920s ]
INFO: [ app_begin ] --END-- [ RunTime:0.001081s ]
NOTIC: [8] Undefined variable: search E:\wamp\www\milkshop\app\Lib\Action\Admin\UserAction.class.php 第 28 行.
SQL: SHOW COLUMNS FROM `m_user` [ RunTime:0.003266s ]
SQL: SELECT COUNT(*) AS tp_count FROM `m_user` LIMIT 1   [ RunTime:0.001492s ]
NOTIC: [8] Undefined variable: sort E:\wamp\www\milkshop\app\Lib\Action\Admin\UserAction.class.php 第 36 行.
SQL: SELECT * FROM `m_user` LIMIT 0,10   [ RunTime:0.000609s ]
SQL: SHOW COLUMNS FROM `m_user_group` [ RunTime:0.003108s ]
SQL: SELECT `name` FROM `m_user_group` WHERE ( id=1 ) LIMIT 1   [ RunTime:0.001117s ]
SQL: SELECT `name` FROM `m_user_group` WHERE ( id=2 ) LIMIT 1   [ RunTime:0.000469s ]
INFO: [ view_template ] --START--
INFO: Run LocationTemplate Behavior [ RunTime:0.000758s ]
INFO: [ view_template ] --END-- [ RunTime:0.000869s ]
INFO: [ view_parse ] --START--
NOTIC: [8] Use of undefined constant id - assumed 'id' E:\wamp\www\milkshop\app\Runtime\Cache\Admin\0b66b9c25d869c9c9decc5fdb0160fb0.php 第 78 行.
NOTIC: [8] Use of undefined constant id - assumed 'id' E:\wamp\www\milkshop\app\Runtime\Cache\Admin\0b66b9c25d869c9c9decc5fdb0160fb0.php 第 79 行.
NOTIC: [8] Use of undefined constant id - assumed 'id' E:\wamp\www\milkshop\app\Runtime\Cache\Admin\0b66b9c25d869c9c9decc5fdb0160fb0.php 第 78 行.
NOTIC: [8] Use of undefined constant id - assumed 'id' E:\wamp\www\milkshop\app\Runtime\Cache\Admin\0b66b9c25d869c9c9decc5fdb0160fb0.php 第 79 行.
INFO: Run ParseTemplate Behavior [ RunTime:0.015198s ]
INFO: [ view_parse ] --END-- [ RunTime:0.015313s ]
INFO: [ view_filter ] --START--
INFO: Run ContentReplace Behavior [ RunTime:0.000720s ]
INFO: Run TokenBuild Behavior [ RunTime:0.000942s ]
INFO: Run WriteHtmlCache Behavior [ RunTime:0.000576s ]
INFO: Run ShowRuntime Behavior [ RunTime:0.001751s ]
INFO: [ view_filter ] --END-- [ RunTime:0.004316s ]
INFO: [ view_end ] --START--
INFO: Run ShowPageTrace Behavior [ RunTime:0.001181s ]
INFO: [ view_end ] --END-- [ RunTime:0.001520s ]

[ 2014-08-30T16:17:05+08:00 ] 127.0.0.1 /milkshop/index.php?g=Admin&m=User&a=ls
NOTIC: [8] Use of undefined constant DEFAULT_THEME - assumed 'DEFAULT_THEME' E:\wamp\www\milkshop\app\Conf\Admin\config.php 第 8 行.
INFO: [ app_begin ] --START--
INFO: Run ReadHtmlCache Behavior [ RunTime:0.001592s ]
INFO: [ app_begin ] --END-- [ RunTime:0.001724s ]
NOTIC: [8] Undefined variable: search E:\wamp\www\milkshop\app\Lib\Action\Admin\UserAction.class.php 第 28 行.
SQL: SHOW COLUMNS FROM `m_user` [ RunTime:0.011675s ]
SQL: SELECT COUNT(*) AS tp_count FROM `m_user` LIMIT 1   [ RunTime:0.000569s ]
NOTIC: [8] Undefined variable: sort E:\wamp\www\milkshop\app\Lib\Action\Admin\UserAction.class.php 第 36 行.
SQL: SELECT * FROM `m_user` LIMIT 0,10   [ RunTime:0.000582s ]
SQL: SHOW COLUMNS FROM `m_user_group` [ RunTime:0.004243s ]
SQL: SELECT `name` FROM `m_user_group` WHERE ( id=1 ) LIMIT 1   [ RunTime:0.000671s ]
SQL: SELECT `name` FROM `m_user_group` WHERE ( id=2 ) LIMIT 1   [ RunTime:0.000599s ]
INFO: [ view_template ] --START--
INFO: Run LocationTemplate Behavior [ RunTime:0.000837s ]
INFO: [ view_template ] --END-- [ RunTime:0.000969s ]
INFO: [ view_parse ] --START--
NOTIC: [8] Use of undefined constant id - assumed 'id' E:\wamp\www\milkshop\app\Runtime\Cache\Admin\0b66b9c25d869c9c9decc5fdb0160fb0.php 第 78 行.
NOTIC: [8] Use of undefined constant id - assumed 'id' E:\wamp\www\milkshop\app\Runtime\Cache\Admin\0b66b9c25d869c9c9decc5fdb0160fb0.php 第 79 行.
NOTIC: [8] Use of undefined constant id - assumed 'id' E:\wamp\www\milkshop\app\Runtime\Cache\Admin\0b66b9c25d869c9c9decc5fdb0160fb0.php 第 78 行.
NOTIC: [8] Use of undefined constant id - assumed 'id' E:\wamp\www\milkshop\app\Runtime\Cache\Admin\0b66b9c25d869c9c9decc5fdb0160fb0.php 第 79 行.
INFO: Run ParseTemplate Behavior [ RunTime:0.015913s ]
INFO: [ view_parse ] --END-- [ RunTime:0.016051s ]
INFO: [ view_filter ] --START--
INFO: Run ContentReplace Behavior [ RunTime:0.001003s ]
INFO: Run TokenBuild Behavior [ RunTime:0.001064s ]
INFO: Run WriteHtmlCache Behavior [ RunTime:0.000913s ]
INFO: Run ShowRuntime Behavior [ RunTime:0.001412s ]
INFO: [ view_filter ] --END-- [ RunTime:0.004857s ]
INFO: [ view_end ] --START--
INFO: Run ShowPageTrace Behavior [ RunTime:0.001800s ]
INFO: [ view_end ] --END-- [ RunTime:0.002054s ]

