[ 2014-08-23T11:42:44+08:00 ] 127.0.0.1 /milkshop/
NOTIC: [8] Use of undefined constant DEFAULT_THEME - assumed 'DEFAULT_THEME' E:\wamp\www\milkshop\app\Conf\Admin\config.php 第 8 行.
INFO: [ app_begin ] --START--
INFO: Run ReadHtmlCache Behavior [ RunTime:0.001475s ]
INFO: [ app_begin ] --END-- [ RunTime:0.001620s ]

[ 2014-08-23T11:42:45+08:00 ] 127.0.0.1 /milkshop/index.php?g=Admin&m=Setting&a=set
NOTIC: [8] Use of undefined constant DEFAULT_THEME - assumed 'DEFAULT_THEME' E:\wamp\www\milkshop\app\Conf\Admin\config.php 第 8 行.
INFO: [ app_begin ] --START--
INFO: Run ReadHtmlCache Behavior [ RunTime:0.001013s ]
INFO: [ app_begin ] --END-- [ RunTime:0.001204s ]
SQL: SHOW COLUMNS FROM `m_setting` [ RunTime:0.009092s ]
ERR: Table 'milkshop.m_setting' doesn't exist
 [ SQL语句 ] : SHOW COLUMNS FROM `m_setting`
SQL: SELECT * FROM `m_setting`  [ RunTime:0.001151s ]
ERR: Table 'milkshop.m_setting' doesn't exist
 [ SQL语句 ] : SELECT * FROM `m_setting` 
NOTIC: [2] Invalid argument supplied for foreach() E:\wamp\www\milkshop\app\Lib\Action\Admin\SettingAction.class.php 第 19 行.
NOTIC: [8] Undefined variable: list E:\wamp\www\milkshop\app\Lib\Action\Admin\SettingAction.class.php 第 22 行.
INFO: [ view_template ] --START--
INFO: Run LocationTemplate Behavior [ RunTime:0.000802s ]
INFO: [ view_template ] --END-- [ RunTime:0.000897s ]
INFO: [ view_parse ] --START--
INFO: Run ParseTemplate Behavior [ RunTime:0.017629s ]
INFO: [ view_parse ] --END-- [ RunTime:0.017762s ]
INFO: [ view_filter ] --START--
INFO: Run ContentReplace Behavior [ RunTime:0.001079s ]
INFO: Run TokenBuild Behavior [ RunTime:0.001030s ]
INFO: Run WriteHtmlCache Behavior [ RunTime:0.000924s ]
INFO: Run ShowRuntime Behavior [ RunTime:0.001232s ]
INFO: [ view_filter ] --END-- [ RunTime:0.004696s ]
INFO: [ view_end ] --START--
INFO: Run ShowPageTrace Behavior [ RunTime:0.001699s ]
INFO: [ view_end ] --END-- [ RunTime:0.001880s ]

[ 2014-08-23T11:44:10+08:00 ] 127.0.0.1 /milkshop/
NOTIC: [8] Use of undefined constant DEFAULT_THEME - assumed 'DEFAULT_THEME' E:\wamp\www\milkshop\app\Conf\Admin\config.php 第 8 行.
INFO: [ app_begin ] --START--
INFO: Run ReadHtmlCache Behavior [ RunTime:0.001026s ]
INFO: [ app_begin ] --END-- [ RunTime:0.001166s ]

[ 2014-08-23T11:44:10+08:00 ] 127.0.0.1 /milkshop/index.php?g=Admin&m=Setting&a=set
NOTIC: [8] Use of undefined constant DEFAULT_THEME - assumed 'DEFAULT_THEME' E:\wamp\www\milkshop\app\Conf\Admin\config.php 第 8 行.
INFO: [ app_begin ] --START--
INFO: Run ReadHtmlCache Behavior [ RunTime:0.001012s ]
INFO: [ app_begin ] --END-- [ RunTime:0.001411s ]
SQL: SHOW COLUMNS FROM `m_setting` [ RunTime:0.011081s ]
ERR: Table 'milkshop.m_setting' doesn't exist
 [ SQL语句 ] : SHOW COLUMNS FROM `m_setting`
SQL: SELECT * FROM `m_setting`  [ RunTime:0.000923s ]
ERR: Table 'milkshop.m_setting' doesn't exist
 [ SQL语句 ] : SELECT * FROM `m_setting` 
NOTIC: [2] Invalid argument supplied for foreach() E:\wamp\www\milkshop\app\Lib\Action\Admin\SettingAction.class.php 第 19 行.
NOTIC: [8] Undefined variable: list E:\wamp\www\milkshop\app\Lib\Action\Admin\SettingAction.class.php 第 22 行.
INFO: [ view_template ] --START--
INFO: Run LocationTemplate Behavior [ RunTime:0.001654s ]
INFO: [ view_template ] --END-- [ RunTime:0.001771s ]
INFO: [ view_parse ] --START--
INFO: Run ParseTemplate Behavior [ RunTime:0.019684s ]
INFO: [ view_parse ] --END-- [ RunTime:0.019827s ]
INFO: [ view_filter ] --START--
INFO: Run ContentReplace Behavior [ RunTime:0.000738s ]
INFO: Run TokenBuild Behavior [ RunTime:0.000789s ]
INFO: Run WriteHtmlCache Behavior [ RunTime:0.000699s ]
INFO: Run ShowRuntime Behavior [ RunTime:0.000906s ]
INFO: [ view_filter ] --END-- [ RunTime:0.003458s ]
INFO: [ view_end ] --START--
INFO: Run ShowPageTrace Behavior [ RunTime:0.001222s ]
INFO: [ view_end ] --END-- [ RunTime:0.001340s ]

[ 2014-08-23T12:00:09+08:00 ] ERR: (ThinkException) 模板不存在[./app/Tpl/Admin/Default/Product/ls.html]
[ 2014-08-23T12:00:10+08:00 ] ERR: (ThinkException) 模板不存在[./app/Tpl/Admin/Default/Product/ls.html]
[ 2014-08-23T13:53:41+08:00 ] 127.0.0.1 /milkshop/
NOTIC: [8] Use of undefined constant DEFAULT_THEME - assumed 'DEFAULT_THEME' E:\wamp\www\milkshop\app\Conf\Admin\config.php 第 8 行.
INFO: [ app_begin ] --START--
INFO: Run ReadHtmlCache Behavior [ RunTime:0.001235s ]
INFO: [ app_begin ] --END-- [ RunTime:0.001344s ]

[ 2014-08-23T13:53:42+08:00 ] 127.0.0.1 /milkshop/index.php?g=Admin&m=Setting&a=set
NOTIC: [8] Use of undefined constant DEFAULT_THEME - assumed 'DEFAULT_THEME' E:\wamp\www\milkshop\app\Conf\Admin\config.php 第 8 行.
INFO: [ app_begin ] --START--
INFO: Run ReadHtmlCache Behavior [ RunTime:0.001423s ]
INFO: [ app_begin ] --END-- [ RunTime:0.001612s ]
SQL: SHOW COLUMNS FROM `m_setting` [ RunTime:0.004392s ]
ERR: Table 'milkshop.m_setting' doesn't exist
 [ SQL语句 ] : SHOW COLUMNS FROM `m_setting`
SQL: SELECT * FROM `m_setting`  [ RunTime:0.001330s ]
ERR: Table 'milkshop.m_setting' doesn't exist
 [ SQL语句 ] : SELECT * FROM `m_setting` 
NOTIC: [2] Invalid argument supplied for foreach() E:\wamp\www\milkshop\app\Lib\Action\Admin\SettingAction.class.php 第 19 行.
NOTIC: [8] Undefined variable: list E:\wamp\www\milkshop\app\Lib\Action\Admin\SettingAction.class.php 第 22 行.
INFO: [ view_template ] --START--
INFO: Run LocationTemplate Behavior [ RunTime:0.001141s ]
INFO: [ view_template ] --END-- [ RunTime:0.001234s ]
INFO: [ view_parse ] --START--
INFO: Run ParseTemplate Behavior [ RunTime:0.045473s ]
INFO: [ view_parse ] --END-- [ RunTime:0.045592s ]
INFO: [ view_filter ] --START--
INFO: Run ContentReplace Behavior [ RunTime:0.000740s ]
INFO: Run TokenBuild Behavior [ RunTime:0.000831s ]
INFO: Run WriteHtmlCache Behavior [ RunTime:0.000835s ]
INFO: Run ShowRuntime Behavior [ RunTime:0.001024s ]
INFO: [ view_filter ] --END-- [ RunTime:0.003752s ]
INFO: [ view_end ] --START--
INFO: Run ShowPageTrace Behavior [ RunTime:0.001835s ]
INFO: [ view_end ] --END-- [ RunTime:0.001951s ]

[ 2014-08-23T13:53:44+08:00 ] 127.0.0.1 /milkshop/index.php?g=Admin&m=ProType&a=ls
NOTIC: [8] Use of undefined constant DEFAULT_THEME - assumed 'DEFAULT_THEME' E:\wamp\www\milkshop\app\Conf\Admin\config.php 第 8 行.
INFO: [ app_begin ] --START--
INFO: Run ReadHtmlCache Behavior [ RunTime:0.000734s ]
INFO: [ app_begin ] --END-- [ RunTime:0.000832s ]
SQL: SHOW COLUMNS FROM `m_pro_type` [ RunTime:0.036685s ]
SQL: SELECT * FROM `m_pro_type` ORDER BY sort desc LIMIT 0,2   [ RunTime:0.003541s ]
ERR: Unknown column 'sort' in 'order clause'
 [ SQL语句 ] : SELECT * FROM `m_pro_type` ORDER BY sort desc LIMIT 0,2  
INFO: [ view_template ] --START--
INFO: Run LocationTemplate Behavior [ RunTime:0.002497s ]
INFO: [ view_template ] --END-- [ RunTime:0.002694s ]
INFO: [ view_parse ] --START--
INFO: Run ParseTemplate Behavior [ RunTime:0.013422s ]
INFO: [ view_parse ] --END-- [ RunTime:0.013553s ]
INFO: [ view_filter ] --START--
INFO: Run ContentReplace Behavior [ RunTime:0.000783s ]
INFO: Run TokenBuild Behavior [ RunTime:0.000716s ]
INFO: Run WriteHtmlCache Behavior [ RunTime:0.000533s ]
INFO: Run ShowRuntime Behavior [ RunTime:0.000825s ]
INFO: [ view_filter ] --END-- [ RunTime:0.003150s ]
INFO: [ view_end ] --START--
INFO: Run ShowPageTrace Behavior [ RunTime:0.001016s ]
INFO: [ view_end ] --END-- [ RunTime:0.001113s ]

[ 2014-08-23T13:54:15+08:00 ] 127.0.0.1 /milkshop/index.php?g=Admin&m=ProType&a=ls
NOTIC: [8] Use of undefined constant DEFAULT_THEME - assumed 'DEFAULT_THEME' E:\wamp\www\milkshop\app\Conf\Admin\config.php 第 8 行.
INFO: [ app_begin ] --START--
INFO: Run ReadHtmlCache Behavior [ RunTime:0.000892s ]
INFO: [ app_begin ] --END-- [ RunTime:0.001009s ]
SQL: SHOW COLUMNS FROM `m_pro_type` [ RunTime:0.008317s ]
SQL: SELECT * FROM `m_pro_type` ORDER BY sort desc LIMIT 0,2   [ RunTime:0.000586s ]
ERR: Unknown column 'sort' in 'order clause'
 [ SQL语句 ] : SELECT * FROM `m_pro_type` ORDER BY sort desc LIMIT 0,2  
INFO: [ view_template ] --START--
INFO: Run LocationTemplate Behavior [ RunTime:0.001238s ]
INFO: [ view_template ] --END-- [ RunTime:0.001379s ]
INFO: [ view_parse ] --START--
INFO: Run ParseTemplate Behavior [ RunTime:0.038519s ]
INFO: [ view_parse ] --END-- [ RunTime:0.038724s ]
INFO: [ view_filter ] --START--
INFO: Run ContentReplace Behavior [ RunTime:0.001048s ]
INFO: Run TokenBuild Behavior [ RunTime:0.000816s ]
INFO: Run WriteHtmlCache Behavior [ RunTime:0.001122s ]
INFO: Run ShowRuntime Behavior [ RunTime:0.001055s ]
INFO: [ view_filter ] --END-- [ RunTime:0.004418s ]
INFO: [ view_end ] --START--
INFO: Run ShowPageTrace Behavior [ RunTime:0.014219s ]
INFO: [ view_end ] --END-- [ RunTime:0.014367s ]

[ 2014-08-23T14:04:21+08:00 ] 127.0.0.1 /milkshop/index.php?g=Admin&m=ProType&a=ls
NOTIC: [8] Use of undefined constant DEFAULT_THEME - assumed 'DEFAULT_THEME' E:\wamp\www\milkshop\app\Conf\Admin\config.php 第 8 行.
INFO: [ app_begin ] --START--
INFO: Run ReadHtmlCache Behavior [ RunTime:0.002466s ]
INFO: [ app_begin ] --END-- [ RunTime:0.002729s ]
SQL: SHOW COLUMNS FROM `m_pro_type` [ RunTime:0.005370s ]
SQL: SELECT * FROM `m_pro_type` ORDER BY sort desc LIMIT 0,2   [ RunTime:0.002035s ]
ERR: Unknown column 'sort' in 'order clause'
 [ SQL语句 ] : SELECT * FROM `m_pro_type` ORDER BY sort desc LIMIT 0,2  
INFO: [ view_template ] --START--
INFO: Run LocationTemplate Behavior [ RunTime:0.003285s ]
INFO: [ view_template ] --END-- [ RunTime:0.003422s ]
INFO: [ view_parse ] --START--
INFO: Run ParseTemplate Behavior [ RunTime:0.015879s ]
INFO: [ view_parse ] --END-- [ RunTime:0.015999s ]
INFO: [ view_filter ] --START--
INFO: Run ContentReplace Behavior [ RunTime:0.001083s ]
INFO: Run TokenBuild Behavior [ RunTime:0.000996s ]
INFO: Run WriteHtmlCache Behavior [ RunTime:0.000764s ]
INFO: Run ShowRuntime Behavior [ RunTime:0.001110s ]
INFO: [ view_filter ] --END-- [ RunTime:0.004251s ]
INFO: [ view_end ] --START--
INFO: Run ShowPageTrace Behavior [ RunTime:0.001379s ]
INFO: [ view_end ] --END-- [ RunTime:0.001507s ]

[ 2014-08-23T14:04:22+08:00 ] 127.0.0.1 /milkshop/index.php?g=Admin&m=ProType&a=ls
NOTIC: [8] Use of undefined constant DEFAULT_THEME - assumed 'DEFAULT_THEME' E:\wamp\www\milkshop\app\Conf\Admin\config.php 第 8 行.
INFO: [ app_begin ] --START--
INFO: Run ReadHtmlCache Behavior [ RunTime:0.000787s ]
INFO: [ app_begin ] --END-- [ RunTime:0.000889s ]
SQL: SHOW COLUMNS FROM `m_pro_type` [ RunTime:0.003730s ]
SQL: SELECT * FROM `m_pro_type` ORDER BY sort desc LIMIT 0,2   [ RunTime:0.001276s ]
ERR: Unknown column 'sort' in 'order clause'
 [ SQL语句 ] : SELECT * FROM `m_pro_type` ORDER BY sort desc LIMIT 0,2  
INFO: [ view_template ] --START--
INFO: Run LocationTemplate Behavior [ RunTime:0.000684s ]
INFO: [ view_template ] --END-- [ RunTime:0.000771s ]
INFO: [ view_parse ] --START--
INFO: Run ParseTemplate Behavior [ RunTime:0.015924s ]
INFO: [ view_parse ] --END-- [ RunTime:0.016097s ]
INFO: [ view_filter ] --START--
INFO: Run ContentReplace Behavior [ RunTime:0.001443s ]
INFO: Run TokenBuild Behavior [ RunTime:0.001422s ]
INFO: Run WriteHtmlCache Behavior [ RunTime:0.000791s ]
INFO: Run ShowRuntime Behavior [ RunTime:0.000931s ]
INFO: [ view_filter ] --END-- [ RunTime:0.005006s ]
INFO: [ view_end ] --START--
INFO: Run ShowPageTrace Behavior [ RunTime:0.001041s ]
INFO: [ view_end ] --END-- [ RunTime:0.001146s ]

[ 2014-08-23T14:04:23+08:00 ] 127.0.0.1 /milkshop/index.php?g=Admin&m=ProType&a=ls
NOTIC: [8] Use of undefined constant DEFAULT_THEME - assumed 'DEFAULT_THEME' E:\wamp\www\milkshop\app\Conf\Admin\config.php 第 8 行.
INFO: [ app_begin ] --START--
INFO: Run ReadHtmlCache Behavior [ RunTime:0.000876s ]
INFO: [ app_begin ] --END-- [ RunTime:0.000989s ]
SQL: SHOW COLUMNS FROM `m_pro_type` [ RunTime:0.006653s ]
SQL: SELECT * FROM `m_pro_type` ORDER BY sort desc LIMIT 0,2   [ RunTime:0.000432s ]
ERR: Unknown column 'sort' in 'order clause'
 [ SQL语句 ] : SELECT * FROM `m_pro_type` ORDER BY sort desc LIMIT 0,2  
INFO: [ view_template ] --START--
INFO: Run LocationTemplate Behavior [ RunTime:0.000705s ]
INFO: [ view_template ] --END-- [ RunTime:0.000797s ]
INFO: [ view_parse ] --START--
INFO: Run ParseTemplate Behavior [ RunTime:0.021015s ]
INFO: [ view_parse ] --END-- [ RunTime:0.021133s ]
INFO: [ view_filter ] --START--
INFO: Run ContentReplace Behavior [ RunTime:0.000712s ]
INFO: Run TokenBuild Behavior [ RunTime:0.000621s ]
INFO: Run WriteHtmlCache Behavior [ RunTime:0.001483s ]
INFO: Run ShowRuntime Behavior [ RunTime:0.001150s ]
INFO: [ view_filter ] --END-- [ RunTime:0.004273s ]
INFO: [ view_end ] --START--
INFO: Run ShowPageTrace Behavior [ RunTime:0.001032s ]
INFO: [ view_end ] --END-- [ RunTime:0.001148s ]

[ 2014-08-23T14:08:26+08:00 ] 127.0.0.1 /milkshop/
NOTIC: [8] Use of undefined constant DEFAULT_THEME - assumed 'DEFAULT_THEME' E:\wamp\www\milkshop\app\Conf\Admin\config.php 第 8 行.
INFO: [ app_begin ] --START--
INFO: Run ReadHtmlCache Behavior [ RunTime:0.002669s ]
INFO: [ app_begin ] --END-- [ RunTime:0.002933s ]

[ 2014-08-23T14:08:27+08:00 ] 127.0.0.1 /milkshop/index.php?g=Admin&m=Setting&a=set
NOTIC: [8] Use of undefined constant DEFAULT_THEME - assumed 'DEFAULT_THEME' E:\wamp\www\milkshop\app\Conf\Admin\config.php 第 8 行.
INFO: [ app_begin ] --START--
INFO: Run ReadHtmlCache Behavior [ RunTime:0.000936s ]
INFO: [ app_begin ] --END-- [ RunTime:0.001064s ]
SQL: SHOW COLUMNS FROM `m_setting` [ RunTime:0.007762s ]
ERR: Table 'milkshop.m_setting' doesn't exist
 [ SQL语句 ] : SHOW COLUMNS FROM `m_setting`
SQL: SELECT * FROM `m_setting`  [ RunTime:0.001575s ]
ERR: Table 'milkshop.m_setting' doesn't exist
 [ SQL语句 ] : SELECT * FROM `m_setting` 
NOTIC: [2] Invalid argument supplied for foreach() E:\wamp\www\milkshop\app\Lib\Action\Admin\SettingAction.class.php 第 19 行.
NOTIC: [8] Undefined variable: list E:\wamp\www\milkshop\app\Lib\Action\Admin\SettingAction.class.php 第 22 行.
INFO: [ view_template ] --START--
INFO: Run LocationTemplate Behavior [ RunTime:0.002460s ]
INFO: [ view_template ] --END-- [ RunTime:0.002628s ]
INFO: [ view_parse ] --START--
INFO: Run ParseTemplate Behavior [ RunTime:0.018636s ]
INFO: [ view_parse ] --END-- [ RunTime:0.018804s ]
INFO: [ view_filter ] --START--
INFO: Run ContentReplace Behavior [ RunTime:0.001397s ]
INFO: Run TokenBuild Behavior [ RunTime:0.000938s ]
INFO: Run WriteHtmlCache Behavior [ RunTime:0.000592s ]
INFO: Run ShowRuntime Behavior [ RunTime:0.000864s ]
INFO: [ view_filter ] --END-- [ RunTime:0.004157s ]
INFO: [ view_end ] --START--
INFO: Run ShowPageTrace Behavior [ RunTime:0.001127s ]
INFO: [ view_end ] --END-- [ RunTime:0.001236s ]

[ 2014-08-23T14:08:29+08:00 ] 127.0.0.1 /milkshop/index.php?g=Admin&m=ProType&a=ls
NOTIC: [8] Use of undefined constant DEFAULT_THEME - assumed 'DEFAULT_THEME' E:\wamp\www\milkshop\app\Conf\Admin\config.php 第 8 行.
INFO: [ app_begin ] --START--
INFO: Run ReadHtmlCache Behavior [ RunTime:0.001321s ]
INFO: [ app_begin ] --END-- [ RunTime:0.001538s ]
SQL: SHOW COLUMNS FROM `m_pro_type` [ RunTime:0.006615s ]
SQL: SELECT * FROM `m_pro_type` ORDER BY sort desc LIMIT 0,2   [ RunTime:0.003616s ]
ERR: Unknown column 'sort' in 'order clause'
 [ SQL语句 ] : SELECT * FROM `m_pro_type` ORDER BY sort desc LIMIT 0,2  
INFO: [ view_template ] --START--
INFO: Run LocationTemplate Behavior [ RunTime:0.001282s ]
INFO: [ view_template ] --END-- [ RunTime:0.001415s ]
INFO: [ view_parse ] --START--
INFO: Run ParseTemplate Behavior [ RunTime:0.013737s ]
INFO: [ view_parse ] --END-- [ RunTime:0.013858s ]
INFO: [ view_filter ] --START--
INFO: Run ContentReplace Behavior [ RunTime:0.000790s ]
INFO: Run TokenBuild Behavior [ RunTime:0.000760s ]
INFO: Run WriteHtmlCache Behavior [ RunTime:0.000585s ]
INFO: Run ShowRuntime Behavior [ RunTime:0.000759s ]
INFO: [ view_filter ] --END-- [ RunTime:0.003209s ]
INFO: [ view_end ] --START--
INFO: Run ShowPageTrace Behavior [ RunTime:0.000968s ]
INFO: [ view_end ] --END-- [ RunTime:0.001080s ]

[ 2014-08-23T14:09:04+08:00 ] 127.0.0.1 /milkshop/index.php?g=Admin&m=ProType&a=ls
NOTIC: [8] Use of undefined constant DEFAULT_THEME - assumed 'DEFAULT_THEME' E:\wamp\www\milkshop\app\Conf\Admin\config.php 第 8 行.
INFO: [ app_begin ] --START--
INFO: Run ReadHtmlCache Behavior [ RunTime:0.001205s ]
INFO: [ app_begin ] --END-- [ RunTime:0.001386s ]
SQL: SHOW COLUMNS FROM `m_pro_type` [ RunTime:0.009271s ]
SQL: SELECT * FROM `m_pro_type` ORDER BY sort desc LIMIT 0,2   [ RunTime:0.000438s ]
ERR: Unknown column 'sort' in 'order clause'
 [ SQL语句 ] : SELECT * FROM `m_pro_type` ORDER BY sort desc LIMIT 0,2  
INFO: [ view_template ] --START--
INFO: Run LocationTemplate Behavior [ RunTime:0.000783s ]
INFO: [ view_template ] --END-- [ RunTime:0.000878s ]
INFO: [ view_parse ] --START--
INFO: Run ParseTemplate Behavior [ RunTime:0.013300s ]
INFO: [ view_parse ] --END-- [ RunTime:0.013417s ]
INFO: [ view_filter ] --START--
INFO: Run ContentReplace Behavior [ RunTime:0.000705s ]
INFO: Run TokenBuild Behavior [ RunTime:0.000649s ]
INFO: Run WriteHtmlCache Behavior [ RunTime:0.000453s ]
INFO: Run ShowRuntime Behavior [ RunTime:0.000673s ]
INFO: [ view_filter ] --END-- [ RunTime:0.002752s ]
INFO: [ view_end ] --START--
INFO: Run ShowPageTrace Behavior [ RunTime:0.000991s ]
INFO: [ view_end ] --END-- [ RunTime:0.001099s ]

[ 2014-08-23T14:09:19+08:00 ] 127.0.0.1 /milkshop/index.php?g=Admin&m=ProType&a=info
NOTIC: [8] Use of undefined constant DEFAULT_THEME - assumed 'DEFAULT_THEME' E:\wamp\www\milkshop\app\Conf\Admin\config.php 第 8 行.
INFO: [ app_begin ] --START--
INFO: Run ReadHtmlCache Behavior [ RunTime:0.004042s ]
INFO: [ app_begin ] --END-- [ RunTime:0.004173s ]
SQL: SHOW COLUMNS FROM `m_pro_type` [ RunTime:0.004135s ]
SQL: INSERT INTO `m_pro_type` (`id`) VALUES (0) [ RunTime:0.347545s ]
INFO: [ view_template ] --START--
INFO: Run LocationTemplate Behavior [ RunTime:0.001634s ]
INFO: [ view_template ] --END-- [ RunTime:0.001746s ]
INFO: [ view_parse ] --START--
INFO: Run ParseTemplate Behavior [ RunTime:0.100115s ]
INFO: [ view_parse ] --END-- [ RunTime:0.100312s ]
INFO: [ view_filter ] --START--
INFO: Run ContentReplace Behavior [ RunTime:0.002645s ]
INFO: Run TokenBuild Behavior [ RunTime:0.002017s ]
INFO: Run WriteHtmlCache Behavior [ RunTime:0.001640s ]
INFO: Run ShowRuntime Behavior [ RunTime:0.001906s ]
INFO: [ view_filter ] --END-- [ RunTime:0.008744s ]
INFO: [ view_end ] --START--
INFO: Run ShowPageTrace Behavior [ RunTime:0.002195s ]
INFO: [ view_end ] --END-- [ RunTime:0.002356s ]

[ 2014-08-23T14:09:22+08:00 ] 127.0.0.1 /milkshop/index.php?g=Admin&m=ProType&a=ls
NOTIC: [8] Use of undefined constant DEFAULT_THEME - assumed 'DEFAULT_THEME' E:\wamp\www\milkshop\app\Conf\Admin\config.php 第 8 行.
INFO: [ app_begin ] --START--
INFO: Run ReadHtmlCache Behavior [ RunTime:0.000910s ]
INFO: [ app_begin ] --END-- [ RunTime:0.001041s ]
SQL: SHOW COLUMNS FROM `m_pro_type` [ RunTime:0.007535s ]
SQL: SELECT * FROM `m_pro_type` ORDER BY sort desc LIMIT 0,2   [ RunTime:0.001170s ]
ERR: Unknown column 'sort' in 'order clause'
 [ SQL语句 ] : SELECT * FROM `m_pro_type` ORDER BY sort desc LIMIT 0,2  
INFO: [ view_template ] --START--
INFO: Run LocationTemplate Behavior [ RunTime:0.001132s ]
INFO: [ view_template ] --END-- [ RunTime:0.001268s ]
INFO: [ view_parse ] --START--
INFO: Run ParseTemplate Behavior [ RunTime:0.012462s ]
INFO: [ view_parse ] --END-- [ RunTime:0.012572s ]
INFO: [ view_filter ] --START--
INFO: Run ContentReplace Behavior [ RunTime:0.000698s ]
INFO: Run TokenBuild Behavior [ RunTime:0.000691s ]
INFO: Run WriteHtmlCache Behavior [ RunTime:0.000511s ]
INFO: Run ShowRuntime Behavior [ RunTime:0.000800s ]
INFO: [ view_filter ] --END-- [ RunTime:0.002992s ]
INFO: [ view_end ] --START--
INFO: Run ShowPageTrace Behavior [ RunTime:0.001058s ]
INFO: [ view_end ] --END-- [ RunTime:0.001156s ]

[ 2014-08-23T14:09:24+08:00 ] 127.0.0.1 /milkshop/index.php?g=Admin&m=ProType&a=ls
NOTIC: [8] Use of undefined constant DEFAULT_THEME - assumed 'DEFAULT_THEME' E:\wamp\www\milkshop\app\Conf\Admin\config.php 第 8 行.
INFO: [ app_begin ] --START--
INFO: Run ReadHtmlCache Behavior [ RunTime:0.001466s ]
INFO: [ app_begin ] --END-- [ RunTime:0.001786s ]
SQL: SHOW COLUMNS FROM `m_pro_type` [ RunTime:0.004407s ]
SQL: SELECT * FROM `m_pro_type` ORDER BY sort desc LIMIT 0,2   [ RunTime:0.001273s ]
ERR: Unknown column 'sort' in 'order clause'
 [ SQL语句 ] : SELECT * FROM `m_pro_type` ORDER BY sort desc LIMIT 0,2  
INFO: [ view_template ] --START--
INFO: Run LocationTemplate Behavior [ RunTime:0.000924s ]
INFO: [ view_template ] --END-- [ RunTime:0.001042s ]
INFO: [ view_parse ] --START--
INFO: Run ParseTemplate Behavior [ RunTime:0.018738s ]
INFO: [ view_parse ] --END-- [ RunTime:0.018884s ]
INFO: [ view_filter ] --START--
INFO: Run ContentReplace Behavior [ RunTime:0.002197s ]
INFO: Run TokenBuild Behavior [ RunTime:0.000926s ]
INFO: Run WriteHtmlCache Behavior [ RunTime:0.000756s ]
INFO: Run ShowRuntime Behavior [ RunTime:0.001056s ]
INFO: [ view_filter ] --END-- [ RunTime:0.005304s ]
INFO: [ view_end ] --START--
INFO: Run ShowPageTrace Behavior [ RunTime:0.001210s ]
INFO: [ view_end ] --END-- [ RunTime:0.001327s ]

[ 2014-08-23T14:27:31+08:00 ] 127.0.0.1 /milkshop/
NOTIC: [8] Use of undefined constant DEFAULT_THEME - assumed 'DEFAULT_THEME' E:\wamp\www\milkshop\app\Conf\Admin\config.php 第 8 行.
INFO: [ app_begin ] --START--
INFO: Run ReadHtmlCache Behavior [ RunTime:0.001914s ]
INFO: [ app_begin ] --END-- [ RunTime:0.002071s ]

[ 2014-08-23T14:27:32+08:00 ] 127.0.0.1 /milkshop/index.php?g=Admin&m=Setting&a=set
NOTIC: [8] Use of undefined constant DEFAULT_THEME - assumed 'DEFAULT_THEME' E:\wamp\www\milkshop\app\Conf\Admin\config.php 第 8 行.
INFO: [ app_begin ] --START--
INFO: Run ReadHtmlCache Behavior [ RunTime:0.000882s ]
INFO: [ app_begin ] --END-- [ RunTime:0.001047s ]
SQL: SHOW COLUMNS FROM `m_setting` [ RunTime:0.006786s ]
ERR: Table 'milkshop.m_setting' doesn't exist
 [ SQL语句 ] : SHOW COLUMNS FROM `m_setting`
SQL: SELECT * FROM `m_setting`  [ RunTime:0.003781s ]
ERR: Table 'milkshop.m_setting' doesn't exist
 [ SQL语句 ] : SELECT * FROM `m_setting` 
NOTIC: [2] Invalid argument supplied for foreach() E:\wamp\www\milkshop\app\Lib\Action\Admin\SettingAction.class.php 第 19 行.
NOTIC: [8] Undefined variable: list E:\wamp\www\milkshop\app\Lib\Action\Admin\SettingAction.class.php 第 22 行.
INFO: [ view_template ] --START--
INFO: Run LocationTemplate Behavior [ RunTime:0.002727s ]
INFO: [ view_template ] --END-- [ RunTime:0.002934s ]
INFO: [ view_parse ] --START--
INFO: Run ParseTemplate Behavior [ RunTime:0.015624s ]
INFO: [ view_parse ] --END-- [ RunTime:0.015861s ]
INFO: [ view_filter ] --START--
INFO: Run ContentReplace Behavior [ RunTime:0.000654s ]
INFO: Run TokenBuild Behavior [ RunTime:0.000674s ]
INFO: Run WriteHtmlCache Behavior [ RunTime:0.000548s ]
INFO: Run ShowRuntime Behavior [ RunTime:0.000851s ]
INFO: [ view_filter ] --END-- [ RunTime:0.003032s ]
INFO: [ view_end ] --START--
INFO: Run ShowPageTrace Behavior [ RunTime:0.000965s ]
INFO: [ view_end ] --END-- [ RunTime:0.001076s ]

[ 2014-08-23T14:27:33+08:00 ] ERR: (ThinkException) 模板不存在[./app/Tpl/Admin/Default/Product/ls.html]
[ 2014-08-23T14:27:41+08:00 ] ERR: (ThinkException) 模板不存在[./app/Tpl/Admin/Default/Product/ls.html]
[ 2014-08-23T14:27:41+08:00 ] 127.0.0.1 /milkshop/index.php?g=Admin&m=ProType&a=ls
NOTIC: [8] Use of undefined constant DEFAULT_THEME - assumed 'DEFAULT_THEME' E:\wamp\www\milkshop\app\Conf\Admin\config.php 第 8 行.
INFO: [ app_begin ] --START--
INFO: Run ReadHtmlCache Behavior [ RunTime:0.009083s ]
INFO: [ app_begin ] --END-- [ RunTime:0.009265s ]
SQL: SHOW COLUMNS FROM `m_pro_type` [ RunTime:0.003766s ]
SQL: SELECT * FROM `m_pro_type` ORDER BY sort desc LIMIT 0,2   [ RunTime:0.001375s ]
ERR: Unknown column 'sort' in 'order clause'
 [ SQL语句 ] : SELECT * FROM `m_pro_type` ORDER BY sort desc LIMIT 0,2  
INFO: [ view_template ] --START--
INFO: Run LocationTemplate Behavior [ RunTime:0.001134s ]
INFO: [ view_template ] --END-- [ RunTime:0.001231s ]
INFO: [ view_parse ] --START--
INFO: Run ParseTemplate Behavior [ RunTime:0.016003s ]
INFO: [ view_parse ] --END-- [ RunTime:0.016205s ]
INFO: [ view_filter ] --START--
INFO: Run ContentReplace Behavior [ RunTime:0.001393s ]
INFO: Run TokenBuild Behavior [ RunTime:0.001640s ]
INFO: Run WriteHtmlCache Behavior [ RunTime:0.000819s ]
INFO: Run ShowRuntime Behavior [ RunTime:0.000825s ]
INFO: [ view_filter ] --END-- [ RunTime:0.005125s ]
INFO: [ view_end ] --START--
INFO: Run ShowPageTrace Behavior [ RunTime:0.001134s ]
INFO: [ view_end ] --END-- [ RunTime:0.001246s ]

[ 2014-08-23T14:28:31+08:00 ] ERR: (ThinkException) 模板不存在[./app/Tpl/Admin/Default/Product/ls.html]
[ 2014-08-23T16:24:09+08:00 ] 127.0.0.1 /milkshop/
NOTIC: [8] Use of undefined constant DEFAULT_THEME - assumed 'DEFAULT_THEME' E:\wamp\www\milkshop\app\Conf\Admin\config.php 第 8 行.
INFO: [ app_begin ] --START--
INFO: Run ReadHtmlCache Behavior [ RunTime:0.002101s ]
INFO: [ app_begin ] --END-- [ RunTime:0.002244s ]

[ 2014-08-23T16:24:10+08:00 ] 127.0.0.1 /milkshop/index.php?g=Admin&m=Setting&a=set
NOTIC: [8] Use of undefined constant DEFAULT_THEME - assumed 'DEFAULT_THEME' E:\wamp\www\milkshop\app\Conf\Admin\config.php 第 8 行.
INFO: [ app_begin ] --START--
INFO: Run ReadHtmlCache Behavior [ RunTime:0.001657s ]
INFO: [ app_begin ] --END-- [ RunTime:0.001797s ]
SQL: SHOW COLUMNS FROM `m_setting` [ RunTime:0.009922s ]
ERR: Table 'milkshop.m_setting' doesn't exist
 [ SQL语句 ] : SHOW COLUMNS FROM `m_setting`
SQL: SELECT * FROM `m_setting`  [ RunTime:0.001632s ]
ERR: Table 'milkshop.m_setting' doesn't exist
 [ SQL语句 ] : SELECT * FROM `m_setting` 
NOTIC: [2] Invalid argument supplied for foreach() E:\wamp\www\milkshop\app\Lib\Action\Admin\SettingAction.class.php 第 19 行.
NOTIC: [8] Undefined variable: list E:\wamp\www\milkshop\app\Lib\Action\Admin\SettingAction.class.php 第 22 行.
INFO: [ view_template ] --START--
INFO: Run LocationTemplate Behavior [ RunTime:0.004431s ]
INFO: [ view_template ] --END-- [ RunTime:0.004563s ]
INFO: [ view_parse ] --START--
INFO: Run ParseTemplate Behavior [ RunTime:0.047569s ]
INFO: [ view_parse ] --END-- [ RunTime:0.047679s ]
INFO: [ view_filter ] --START--
INFO: Run ContentReplace Behavior [ RunTime:0.001131s ]
INFO: Run TokenBuild Behavior [ RunTime:0.000905s ]
INFO: Run WriteHtmlCache Behavior [ RunTime:0.001005s ]
INFO: Run ShowRuntime Behavior [ RunTime:0.001217s ]
INFO: [ view_filter ] --END-- [ RunTime:0.004535s ]
INFO: [ view_end ] --START--
INFO: Run ShowPageTrace Behavior [ RunTime:0.002194s ]
INFO: [ view_end ] --END-- [ RunTime:0.002296s ]

[ 2014-08-23T16:24:11+08:00 ] 127.0.0.1 /milkshop/index.php?g=Admin&m=Product&a=ls
NOTIC: [8] Use of undefined constant DEFAULT_THEME - assumed 'DEFAULT_THEME' E:\wamp\www\milkshop\app\Conf\Admin\config.php 第 8 行.
INFO: [ app_begin ] --START--
INFO: Run ReadHtmlCache Behavior [ RunTime:0.002192s ]
INFO: [ app_begin ] --END-- [ RunTime:0.002400s ]
NOTIC: [8] Undefined variable: search E:\wamp\www\milkshop\app\Lib\Action\Admin\ProductAction.class.php 第 45 行.
SQL: SHOW COLUMNS FROM `m_product` [ RunTime:0.004232s ]
SQL: SELECT COUNT(*) AS tp_count FROM `m_product` WHERE ( `pid` = '0' ) LIMIT 1   [ RunTime:0.000813s ]
SQL: SELECT * FROM `m_product` WHERE ( `pid` = '0' ) ORDER BY id desc LIMIT 0,10   [ RunTime:0.000404s ]
INFO: [ view_template ] --START--
INFO: Run LocationTemplate Behavior [ RunTime:0.002595s ]
INFO: [ view_template ] --END-- [ RunTime:0.002690s ]
INFO: [ view_parse ] --START--
NOTIC: [8] Undefined variable: pages E:\wamp\www\milkshop\app\Runtime\Cache\Admin\2db96c318d5f6a9e9dea8e6372695b6d.php 第 99 行.
INFO: Run ParseTemplate Behavior [ RunTime:0.028451s ]
INFO: [ view_parse ] --END-- [ RunTime:0.028532s ]
INFO: [ view_filter ] --START--
INFO: Run ContentReplace Behavior [ RunTime:0.001134s ]
INFO: Run TokenBuild Behavior [ RunTime:0.000831s ]
INFO: Run WriteHtmlCache Behavior [ RunTime:0.000992s ]
INFO: Run ShowRuntime Behavior [ RunTime:0.001246s ]
INFO: [ view_filter ] --END-- [ RunTime:0.004439s ]
INFO: [ view_end ] --START--
INFO: Run ShowPageTrace Behavior [ RunTime:0.001450s ]
INFO: [ view_end ] --END-- [ RunTime:0.001807s ]

[ 2014-08-23T16:24:13+08:00 ] 127.0.0.1 /milkshop/index.php?g=Admin&m=ProType&a=ls
NOTIC: [8] Use of undefined constant DEFAULT_THEME - assumed 'DEFAULT_THEME' E:\wamp\www\milkshop\app\Conf\Admin\config.php 第 8 行.
INFO: [ app_begin ] --START--
INFO: Run ReadHtmlCache Behavior [ RunTime:0.001417s ]
INFO: [ app_begin ] --END-- [ RunTime:0.001550s ]
SQL: SHOW COLUMNS FROM `m_pro_type` [ RunTime:0.007840s ]
SQL: SELECT * FROM `m_pro_type` ORDER BY sort desc LIMIT 0,2   [ RunTime:0.001487s ]
ERR: Unknown column 'sort' in 'order clause'
 [ SQL语句 ] : SELECT * FROM `m_pro_type` ORDER BY sort desc LIMIT 0,2  
INFO: [ view_template ] --START--
INFO: Run LocationTemplate Behavior [ RunTime:0.004861s ]
INFO: [ view_template ] --END-- [ RunTime:0.005062s ]
INFO: [ view_parse ] --START--
INFO: Run ParseTemplate Behavior [ RunTime:0.020276s ]
INFO: [ view_parse ] --END-- [ RunTime:0.020457s ]
INFO: [ view_filter ] --START--
INFO: Run ContentReplace Behavior [ RunTime:0.001592s ]
INFO: Run TokenBuild Behavior [ RunTime:0.002365s ]
INFO: Run WriteHtmlCache Behavior [ RunTime:0.000994s ]
INFO: Run ShowRuntime Behavior [ RunTime:0.001460s ]
INFO: [ view_filter ] --END-- [ RunTime:0.006727s ]
INFO: [ view_end ] --START--
INFO: Run ShowPageTrace Behavior [ RunTime:0.001627s ]
INFO: [ view_end ] --END-- [ RunTime:0.001727s ]

[ 2014-08-23T16:24:15+08:00 ] 127.0.0.1 /milkshop/index.php?g=Admin&m=Product&a=ls
NOTIC: [8] Use of undefined constant DEFAULT_THEME - assumed 'DEFAULT_THEME' E:\wamp\www\milkshop\app\Conf\Admin\config.php 第 8 行.
INFO: [ app_begin ] --START--
INFO: Run ReadHtmlCache Behavior [ RunTime:0.002330s ]
INFO: [ app_begin ] --END-- [ RunTime:0.002548s ]
NOTIC: [8] Undefined variable: search E:\wamp\www\milkshop\app\Lib\Action\Admin\ProductAction.class.php 第 45 行.
SQL: SHOW COLUMNS FROM `m_product` [ RunTime:0.004067s ]
SQL: SELECT COUNT(*) AS tp_count FROM `m_product` WHERE ( `pid` = '0' ) LIMIT 1   [ RunTime:0.001223s ]
SQL: SELECT * FROM `m_product` WHERE ( `pid` = '0' ) ORDER BY id desc LIMIT 0,10   [ RunTime:0.000363s ]
INFO: [ view_template ] --START--
INFO: Run LocationTemplate Behavior [ RunTime:0.005030s ]
INFO: [ view_template ] --END-- [ RunTime:0.005211s ]
INFO: [ view_parse ] --START--
NOTIC: [8] Undefined variable: pages E:\wamp\www\milkshop\app\Runtime\Cache\Admin\2db96c318d5f6a9e9dea8e6372695b6d.php 第 99 行.
INFO: Run ParseTemplate Behavior [ RunTime:0.026621s ]
INFO: [ view_parse ] --END-- [ RunTime:0.026737s ]
INFO: [ view_filter ] --START--
INFO: Run ContentReplace Behavior [ RunTime:0.001260s ]
INFO: Run TokenBuild Behavior [ RunTime:0.000836s ]
INFO: Run WriteHtmlCache Behavior [ RunTime:0.001244s ]
INFO: Run ShowRuntime Behavior [ RunTime:0.001868s ]
INFO: [ view_filter ] --END-- [ RunTime:0.005507s ]
INFO: [ view_end ] --START--
INFO: Run ShowPageTrace Behavior [ RunTime:0.001720s ]
INFO: [ view_end ] --END-- [ RunTime:0.001823s ]

